2017-05-08 17:21:25,340 [main] INFO  org.mule.module.launcher.application.DefaultMuleApplication - 
++++++++++++++++++++++++++++++++++++++++++++++++++++++++++++
+ Initializing app 'ejemplo1'                              +
++++++++++++++++++++++++++++++++++++++++++++++++++++++++++++
2017-05-08 17:21:25,601 [main] INFO  org.mule.lifecycle.AbstractLifecycleManager - Initialising RegistryBroker
2017-05-08 17:21:25,773 [main] INFO  org.mule.module.extension.internal.manager.DefaultExtensionManager - Starting discovery of extensions
2017-05-08 17:21:25,947 [main] INFO  org.mule.module.extension.internal.manager.DefaultExtensionManager - Discovered 1 extensions
2017-05-08 17:21:25,947 [main] INFO  org.mule.module.extension.internal.manager.DefaultExtensionManager - Registering extension validation (version 3.8)
2017-05-08 17:21:26,167 [main] INFO  org.mule.config.spring.MuleArtifactContext - Refreshing org.mule.config.spring.MuleArtifactContext@41925502: startup date [Mon May 08 17:21:26 CEST 2017]; root of context hierarchy
2017-05-08 17:21:28,304 [main] INFO  org.mule.config.spring.processors.NoDevkitInjectorProcessor - JSR-330 'javax.inject.Inject' annotation found and supported for autowiring
2017-05-08 17:21:29,605 [main] WARN  org.mule.module.ognl.expression.OgnlExpressionEvaluator - OGNL module is deprecated and will be removed in Mule 4.0. Use MEL expressions instead.
2017-05-08 17:21:30,270 [main] INFO  org.mule.util.journal.TransactionJournal - Using files for tx logs D:\devel\Projects\Courses\Mule\.mule\.\.mule\ejemplo1\queue-tx-log\tx1.log and D:\devel\Projects\Courses\Mule\.mule\.\.mule\ejemplo1\queue-tx-log\tx2.log
2017-05-08 17:21:30,285 [main] INFO  org.mule.util.journal.TransactionJournal - Using files for tx logs D:\devel\Projects\Courses\Mule\.mule\.\.mule\ejemplo1\queue-xa-tx-log\tx1.log and D:\devel\Projects\Courses\Mule\.mule\.\.mule\ejemplo1\queue-xa-tx-log\tx2.log
2017-05-08 17:21:30,335 [main] INFO  org.mule.lifecycle.AbstractLifecycleManager - Initialising model: _muleSystemModel
2017-05-08 17:21:30,341 [main] INFO  org.mule.construct.FlowConstructLifecycleManager - Initialising flow: ejemplo1Flow
2017-05-08 17:21:30,341 [main] INFO  org.mule.exception.DefaultMessagingExceptionStrategy - Initialising exception listener: org.mule.exception.DefaultMessagingExceptionStrategy@73ae0257
2017-05-08 17:21:30,386 [main] INFO  org.mule.processor.SedaStageLifecycleManager - Initialising service: ejemplo1Flow.stage1
2017-05-08 17:21:30,650 [main] INFO  org.mule.config.spring.SpringXmlConfigurationBuilder - Configured Mule using "org.mule.config.spring.SpringXmlConfigurationBuilder" with configuration resource(s): "[ConfigResource{resourceName='D:\devel\Projects\Courses\Mule\.mule\apps\ejemplo1\ejemplo1.xml'}]"
2017-05-08 17:21:30,650 [main] INFO  org.mule.config.builders.AutoConfigurationBuilder - Configured Mule using "org.mule.config.builders.AutoConfigurationBuilder" with configuration resource(s): "[ConfigResource{resourceName='D:\devel\Projects\Courses\Mule\.mule\apps\ejemplo1\ejemplo1.xml'}]"
2017-05-08 17:21:30,651 [main] INFO  org.mule.module.launcher.application.DefaultMuleApplication - 
++++++++++++++++++++++++++++++++++++++++++++++++++++++++++++
+ Starting app 'ejemplo1'                                  +
++++++++++++++++++++++++++++++++++++++++++++++++++++++++++++
2017-05-08 17:21:30,652 [main] INFO  org.mule.util.queue.QueueXaResourceManager - Starting ResourceManager
2017-05-08 17:21:30,652 [main] INFO  org.mule.util.queue.QueueXaResourceManager - Started ResourceManager
2017-05-08 17:21:30,863 [main] INFO  org.mule.module.http.internal.listener.DefaultHttpListenerConfig - Listening for requests on http://0.0.0.0:9090/base
2017-05-08 17:21:30,867 [main] INFO  org.mule.lifecycle.AbstractLifecycleManager - Starting model: _muleSystemModel
2017-05-08 17:21:30,869 [main] INFO  org.mule.construct.FlowConstructLifecycleManager - Starting flow: ejemplo1Flow
2017-05-08 17:21:30,903 [main] INFO  org.mule.processor.SedaStageLifecycleManager - Starting service: ejemplo1Flow.stage1
2017-05-08 17:21:30,961 [main] INFO  org.mule.module.management.agent.WrapperManagerAgent - This JVM hasn't been launched by the wrapper, the agent will not run.
2017-05-08 17:21:31,033 [main] INFO  org.mule.DefaultMuleContext - 
**********************************************************************
* Application: ejemplo1                                              *
* OS encoding: \, Mule encoding: UTF-8                               *
*                                                                    *
* Agents Running:                                                    *
*   JMX Agent                                                        *
*   Wrapper Manager                                                  *
**********************************************************************
2017-05-08 17:23:22,400 [[ejemplo1].HTTP_Listener_Configuration.worker.01] INFO  org.mule.api.processor.LoggerMessageProcessor - ramon
2017-05-08 17:23:22,418 [[ejemplo1].HTTP_Listener_Configuration.worker.01] INFO  org.mule.api.processor.LoggerMessageProcessor - chavo
2017-05-08 17:23:22,465 [[ejemplo1].HTTP_Listener_Configuration.worker.01] INFO  org.mule.module.http.internal.listener.HttpListenerRegistry - No listener found for request: (GET)/favicon.ico
2017-05-08 17:23:22,466 [[ejemplo1].HTTP_Listener_Configuration.worker.01] INFO  org.mule.module.http.internal.listener.HttpListenerRegistry - Available listeners are: [([get])/base/ejemplo/]
2017-05-08 17:25:41,435 [Mule.app.deployer.monitor.1.thread.1] INFO  org.mule.module.launcher.application.DefaultMuleApplication - 
++++++++++++++++++++++++++++++++++++++++++++++++++++++++++++
+ Stopping app 'ejemplo1'                                  +
++++++++++++++++++++++++++++++++++++++++++++++++++++++++++++
2017-05-08 17:25:41,438 [Mule.app.deployer.monitor.1.thread.1] INFO  org.mule.construct.FlowConstructLifecycleManager - Stopping flow: ejemplo1Flow
2017-05-08 17:25:41,440 [Mule.app.deployer.monitor.1.thread.1] INFO  org.mule.processor.SedaStageLifecycleManager - Stopping service: ejemplo1Flow.stage1
2017-05-08 17:25:41,511 [Mule.app.deployer.monitor.1.thread.1] INFO  org.mule.lifecycle.AbstractLifecycleManager - Stopping model: _muleSystemModel
2017-05-08 17:25:41,547 [Mule.app.deployer.monitor.1.thread.1] INFO  org.mule.module.http.internal.listener.DefaultHttpListenerConfig - Stopped listener on http://0.0.0.0:9090/base
2017-05-08 17:25:41,549 [Mule.app.deployer.monitor.1.thread.1] INFO  org.mule.util.queue.QueueXaResourceManager - Stopping ResourceManager
2017-05-08 17:25:41,549 [Mule.app.deployer.monitor.1.thread.1] INFO  org.mule.util.queue.QueueXaResourceManager - Stopped ResourceManager
2017-05-08 17:25:41,554 [Mule.app.deployer.monitor.1.thread.1] INFO  org.mule.module.launcher.application.DefaultMuleApplication - 
++++++++++++++++++++++++++++++++++++++++++++++++++++++++++++
+ Disposing app 'ejemplo1'                                 +
++++++++++++++++++++++++++++++++++++++++++++++++++++++++++++
2017-05-08 17:25:41,555 [Mule.app.deployer.monitor.1.thread.1] INFO  org.mule.lifecycle.AbstractLifecycleManager - Disposing RegistryBroker
2017-05-08 17:25:41,556 [Mule.app.deployer.monitor.1.thread.1] INFO  org.mule.construct.FlowConstructLifecycleManager - Disposing flow: ejemplo1Flow
2017-05-08 17:25:41,557 [Mule.app.deployer.monitor.1.thread.1] INFO  org.mule.processor.SedaStageLifecycleManager - Disposing service: ejemplo1Flow.stage1
2017-05-08 17:25:41,559 [Mule.app.deployer.monitor.1.thread.1] INFO  org.mule.lifecycle.AbstractLifecycleManager - Disposing model: _muleSystemModel
2017-05-08 17:25:41,706 [Mule.app.deployer.monitor.1.thread.1] INFO  org.mule.config.spring.MuleArtifactContext - Closing org.mule.config.spring.MuleArtifactContext@41925502: startup date [Mon May 08 17:21:26 CEST 2017]; root of context hierarchy
2017-05-08 17:25:41,900 [Mule.app.deployer.monitor.1.thread.1] INFO  org.mule.DefaultMuleContext - 
**********************************************************************
* Application "ejemplo1" shut down normally on: 08/05/17 17:25       *
* Up for: 0 days, 0 hours, 4 mins, 11.237 sec                        *
**********************************************************************
2017-05-08 17:25:42,010 [Mule.app.deployer.monitor.1.thread.1] INFO  org.mule.module.launcher.application.DefaultMuleApplication - 
++++++++++++++++++++++++++++++++++++++++++++++++++++++++++++
+ Initializing app 'ejemplo1'                              +
++++++++++++++++++++++++++++++++++++++++++++++++++++++++++++
2017-05-08 17:25:42,020 [Mule.app.deployer.monitor.1.thread.1] INFO  org.mule.lifecycle.AbstractLifecycleManager - Initialising RegistryBroker
2017-05-08 17:25:42,025 [Mule.app.deployer.monitor.1.thread.1] INFO  org.mule.module.extension.internal.manager.DefaultExtensionManager - Starting discovery of extensions
2017-05-08 17:25:42,044 [Mule.app.deployer.monitor.1.thread.1] INFO  org.mule.module.extension.internal.manager.DefaultExtensionManager - Discovered 1 extensions
2017-05-08 17:25:42,044 [Mule.app.deployer.monitor.1.thread.1] INFO  org.mule.module.extension.internal.manager.DefaultExtensionManager - Registering extension validation (version 3.8)
2017-05-08 17:25:42,051 [Mule.app.deployer.monitor.1.thread.1] INFO  org.mule.config.spring.MuleArtifactContext - Refreshing org.mule.config.spring.MuleArtifactContext@8416018: startup date [Mon May 08 17:25:42 CEST 2017]; root of context hierarchy
2017-05-08 17:25:42,344 [Mule.app.deployer.monitor.1.thread.1] INFO  org.mule.config.spring.processors.NoDevkitInjectorProcessor - JSR-330 'javax.inject.Inject' annotation found and supported for autowiring
2017-05-08 17:25:42,637 [Mule.app.deployer.monitor.1.thread.1] INFO  org.mule.util.journal.TransactionJournal - Using files for tx logs D:\devel\Projects\Courses\Mule\.mule\.\.mule\ejemplo1\queue-tx-log\tx1.log and D:\devel\Projects\Courses\Mule\.mule\.\.mule\ejemplo1\queue-tx-log\tx2.log
2017-05-08 17:25:42,639 [Mule.app.deployer.monitor.1.thread.1] INFO  org.mule.util.journal.TransactionJournal - Using files for tx logs D:\devel\Projects\Courses\Mule\.mule\.\.mule\ejemplo1\queue-xa-tx-log\tx1.log and D:\devel\Projects\Courses\Mule\.mule\.\.mule\ejemplo1\queue-xa-tx-log\tx2.log
2017-05-08 17:25:42,642 [Mule.app.deployer.monitor.1.thread.1] INFO  org.mule.lifecycle.AbstractLifecycleManager - Initialising model: _muleSystemModel
2017-05-08 17:25:42,643 [Mule.app.deployer.monitor.1.thread.1] INFO  org.mule.construct.FlowConstructLifecycleManager - Initialising flow: ejemplo1Flow
2017-05-08 17:25:42,643 [Mule.app.deployer.monitor.1.thread.1] INFO  org.mule.exception.DefaultMessagingExceptionStrategy - Initialising exception listener: org.mule.exception.DefaultMessagingExceptionStrategy@457a678b
2017-05-08 17:25:42,646 [Mule.app.deployer.monitor.1.thread.1] INFO  org.mule.processor.SedaStageLifecycleManager - Initialising service: ejemplo1Flow.stage1
2017-05-08 17:25:42,664 [Mule.app.deployer.monitor.1.thread.1] INFO  org.mule.config.spring.SpringXmlConfigurationBuilder - Configured Mule using "org.mule.config.spring.SpringXmlConfigurationBuilder" with configuration resource(s): "[ConfigResource{resourceName='D:\devel\Projects\Courses\Mule\.mule\apps\ejemplo1\ejemplo1.xml'}]"
2017-05-08 17:25:42,664 [Mule.app.deployer.monitor.1.thread.1] INFO  org.mule.config.builders.AutoConfigurationBuilder - Configured Mule using "org.mule.config.builders.AutoConfigurationBuilder" with configuration resource(s): "[ConfigResource{resourceName='D:\devel\Projects\Courses\Mule\.mule\apps\ejemplo1\ejemplo1.xml'}]"
2017-05-08 17:25:42,664 [Mule.app.deployer.monitor.1.thread.1] INFO  org.mule.module.launcher.application.DefaultMuleApplication - 
++++++++++++++++++++++++++++++++++++++++++++++++++++++++++++
+ Starting app 'ejemplo1'                                  +
++++++++++++++++++++++++++++++++++++++++++++++++++++++++++++
2017-05-08 17:25:42,665 [Mule.app.deployer.monitor.1.thread.1] INFO  org.mule.util.queue.QueueXaResourceManager - Starting ResourceManager
2017-05-08 17:25:42,665 [Mule.app.deployer.monitor.1.thread.1] INFO  org.mule.util.queue.QueueXaResourceManager - Started ResourceManager
2017-05-08 17:25:42,676 [Mule.app.deployer.monitor.1.thread.1] INFO  org.mule.module.http.internal.listener.DefaultHttpListenerConfig - Listening for requests on http://0.0.0.0:9090/base
2017-05-08 17:25:42,678 [Mule.app.deployer.monitor.1.thread.1] INFO  org.mule.lifecycle.AbstractLifecycleManager - Starting model: _muleSystemModel
2017-05-08 17:25:42,679 [Mule.app.deployer.monitor.1.thread.1] INFO  org.mule.construct.FlowConstructLifecycleManager - Starting flow: ejemplo1Flow
2017-05-08 17:25:42,679 [Mule.app.deployer.monitor.1.thread.1] INFO  org.mule.processor.SedaStageLifecycleManager - Starting service: ejemplo1Flow.stage1
2017-05-08 17:25:42,683 [Mule.app.deployer.monitor.1.thread.1] INFO  org.mule.module.management.agent.WrapperManagerAgent - This JVM hasn't been launched by the wrapper, the agent will not run.
2017-05-08 17:25:42,686 [Mule.app.deployer.monitor.1.thread.1] INFO  org.mule.DefaultMuleContext - 
**********************************************************************
* Application: ejemplo1                                              *
* OS encoding: \, Mule encoding: UTF-8                               *
*                                                                    *
* Agents Running:                                                    *
*   JMX Agent                                                        *
*   Wrapper Manager                                                  *
**********************************************************************
2017-05-08 17:25:50,861 [[ejemplo1].HTTP_Listener_Configuration.worker.01] ERROR org.mule.exception.DefaultMessagingExceptionStrategy - 
********************************************************************************
Message               : Execution of the expression "nombre" failed. (org.mule.api.expression.ExpressionRuntimeException).
Payload               : {NullPayload}
Payload Type          : org.mule.transport.NullPayload
Element               : /ejemplo1Flow/processors/2 @ ejemplo1:ejemplo1.xml:19 (LoggerVariable)
Element XML           : <logger message="#[nombre]" level="INFO" doc:name="LoggerVariable"></logger>
--------------------------------------------------------------------------------
Root Exception stack trace:
[Error: unresolvable property or identifier: nombre]
[Near : {... nombre ....}]
             ^
[Line: 1, Column: 1]
	at org.mule.mvel2.optimizers.impl.refl.ReflectiveAccessorOptimizer.getBeanProperty(ReflectiveAccessorOptimizer.java:771)
	at org.mule.mvel2.optimizers.impl.refl.ReflectiveAccessorOptimizer.compileGetChain(ReflectiveAccessorOptimizer.java:409)
	at org.mule.mvel2.optimizers.impl.refl.ReflectiveAccessorOptimizer.optimizeAccessor(ReflectiveAccessorOptimizer.java:212)
	at org.mule.mvel2.ast.ASTNode.optimize(ASTNode.java:159)
	at org.mule.mvel2.ast.ASTNode.getReducedValueAccelerated(ASTNode.java:115)
	at org.mule.mvel2.MVELRuntime.execute(MVELRuntime.java:86)
	at org.mule.mvel2.compiler.CompiledExpression.getDirectValue(CompiledExpression.java:123)
	at org.mule.mvel2.compiler.CompiledExpression.getValue(CompiledExpression.java:119)
	at org.mule.mvel2.compiler.CompiledExpression.getValue(CompiledExpression.java:113)
	at org.mule.mvel2.MVEL.executeExpression(MVEL.java:953)
	at org.mule.el.mvel.MVELExpressionExecutor.execute(MVELExpressionExecutor.java:87)
	at org.mule.el.mvel.MVELExpressionLanguage.evaluateInternal(MVELExpressionLanguage.java:228)
	at org.mule.el.mvel.MVELExpressionLanguage.evaluate(MVELExpressionLanguage.java:163)
	at org.mule.el.mvel.MVELExpressionLanguage.evaluate(MVELExpressionLanguage.java:142)
	at org.mule.expression.DefaultExpressionManager.evaluate(DefaultExpressionManager.java:216)
	at org.mule.expression.DefaultExpressionManager$2.match(DefaultExpressionManager.java:522)
	at org.mule.util.TemplateParser.parse(TemplateParser.java:149)
	at org.mule.util.TemplateParser.parse(TemplateParser.java:126)
	at org.mule.expression.DefaultExpressionManager.parse(DefaultExpressionManager.java:518)
	at org.mule.expression.DefaultExpressionManager.parse(DefaultExpressionManager.java:477)
	at org.mule.api.processor.LoggerMessageProcessor.log(LoggerMessageProcessor.java:81)
	at org.mule.api.processor.LoggerMessageProcessor.process(LoggerMessageProcessor.java:60)
	at org.mule.execution.ExceptionToMessagingExceptionExecutionInterceptor.execute(ExceptionToMessagingExceptionExecutionInterceptor.java:27)
	at org.mule.execution.MessageProcessorNotificationExecutionInterceptor.execute(MessageProcessorNotificationExecutionInterceptor.java:108)
	at org.mule.execution.MessageProcessorExecutionTemplate.execute(MessageProcessorExecutionTemplate.java:44)
	at org.mule.processor.BlockingProcessorExecutor.executeNext(BlockingProcessorExecutor.java:88)
	at org.mule.processor.BlockingProcessorExecutor.execute(BlockingProcessorExecutor.java:59)
	at org.mule.execution.ExceptionToMessagingExceptionExecutionInterceptor.execute(ExceptionToMessagingExceptionExecutionInterceptor.java:27)
	at org.mule.execution.MessageProcessorExecutionTemplate.execute(MessageProcessorExecutionTemplate.java:44)
	at org.mule.processor.BlockingProcessorExecutor.executeNext(BlockingProcessorExecutor.java:98)
	at org.mule.processor.BlockingProcessorExecutor.execute(BlockingProcessorExecutor.java:59)
	at org.mule.processor.AsyncInterceptingMessageProcessor.process(AsyncInterceptingMessageProcessor.java:102)
	at org.mule.execution.ExceptionToMessagingExceptionExecutionInterceptor.execute(ExceptionToMessagingExceptionExecutionInterceptor.java:27)
	at org.mule.execution.MessageProcessorNotificationExecutionInterceptor.execute(MessageProcessorNotificationExecutionInterceptor.java:108)
	at org.mule.execution.MessageProcessorExecutionTemplate.execute(MessageProcessorExecutionTemplate.java:44)
	at org.mule.processor.BlockingProcessorExecutor.executeNext(BlockingProcessorExecutor.java:98)
	at org.mule.processor.BlockingProcessorExecutor.execute(BlockingProcessorExecutor.java:59)
	at org.mule.construct.DynamicPipelineMessageProcessor.process(DynamicPipelineMessageProcessor.java:55)
	at org.mule.execution.ExceptionToMessagingExceptionExecutionInterceptor.execute(ExceptionToMessagingExceptionExecutionInterceptor.java:27)
	at org.mule.execution.MessageProcessorNotificationExecutionInterceptor.execute(MessageProcessorNotificationExecutionInterceptor.java:108)
	at org.mule.execution.MessageProcessorExecutionTemplate.execute(MessageProcessorExecutionTemplate.java:44)
	at org.mule.processor.BlockingProcessorExecutor.executeNext(BlockingProcessorExecutor.java:88)
	at org.mule.processor.BlockingProcessorExecutor.execute(BlockingProcessorExecutor.java:59)
	at org.mule.execution.ExceptionToMessagingExceptionExecutionInterceptor.execute(ExceptionToMessagingExceptionExecutionInterceptor.java:27)
	at org.mule.execution.MessageProcessorExecutionTemplate.execute(MessageProcessorExecutionTemplate.java:44)
	at org.mule.processor.BlockingProcessorExecutor.executeNext(BlockingProcessorExecutor.java:98)
	at org.mule.processor.BlockingProcessorExecutor.execute(BlockingProcessorExecutor.java:59)
	at org.mule.interceptor.AbstractEnvelopeInterceptor.processBlocking(AbstractEnvelopeInterceptor.java:58)
	at org.mule.processor.AbstractRequestResponseMessageProcessor.process(AbstractRequestResponseMessageProcessor.java:47)
	at org.mule.execution.ExceptionToMessagingExceptionExecutionInterceptor.execute(ExceptionToMessagingExceptionExecutionInterceptor.java:27)
	at org.mule.execution.MessageProcessorNotificationExecutionInterceptor.execute(MessageProcessorNotificationExecutionInterceptor.java:108)
	at org.mule.execution.MessageProcessorExecutionTemplate.execute(MessageProcessorExecutionTemplate.java:44)
	at org.mule.processor.BlockingProcessorExecutor.executeNext(BlockingProcessorExecutor.java:98)
	at org.mule.processor.BlockingProcessorExecutor.execute(BlockingProcessorExecutor.java:59)
	at org.mule.processor.AbstractFilteringMessageProcessor.process(AbstractFilteringMessageProcessor.java:52)
	at org.mule.execution.ExceptionToMessagingExceptionExecutionInterceptor.execute(ExceptionToMessagingExceptionExecutionInterceptor.java:27)
	at org.mule.execution.MessageProcessorNotificationExecutionInterceptor.execute(MessageProcessorNotificationExecutionInterceptor.java:108)
	at org.mule.execution.MessageProcessorExecutionTemplate.execute(MessageProcessorExecutionTemplate.java:44)
	at org.mule.processor.BlockingProcessorExecutor.executeNext(BlockingProcessorExecutor.java:98)
	at org.mule.processor.BlockingProcessorExecutor.execute(BlockingProcessorExecutor.java:59)
	at org.mule.processor.AbstractRequestResponseMessageProcessor.processBlocking(AbstractRequestResponseMessageProcessor.java:56)
	at org.mule.processor.AbstractRequestResponseMessageProcessor.process(AbstractRequestResponseMessageProcessor.java:47)
	at org.mule.execution.ExceptionToMessagingExceptionExecutionInterceptor.execute(ExceptionToMessagingExceptionExecutionInterceptor.java:27)
	at org.mule.execution.MessageProcessorNotificationExecutionInterceptor.execute(MessageProcessorNotificationExecutionInterceptor.java:108)
	at org.mule.execution.MessageProcessorExecutionTemplate.execute(MessageProcessorExecutionTemplate.java:44)
	at org.mule.processor.BlockingProcessorExecutor.executeNext(BlockingProcessorExecutor.java:88)
	at org.mule.processor.BlockingProcessorExecutor.execute(BlockingProcessorExecutor.java:59)
	at org.mule.execution.ExceptionToMessagingExceptionExecutionInterceptor.execute(ExceptionToMessagingExceptionExecutionInterceptor.java:27)
	at org.mule.execution.MessageProcessorNotificationExecutionInterceptor.execute(MessageProcessorNotificationExecutionInterceptor.java:108)
	at org.mule.execution.MessageProcessorExecutionTemplate.execute(MessageProcessorExecutionTemplate.java:44)
	at org.mule.construct.AbstractPipeline$3.process(AbstractPipeline.java:233)
	at org.mule.module.http.internal.listener.HttpMessageProcessorTemplate.routeEvent(HttpMessageProcessorTemplate.java:73)
	at org.mule.execution.AsyncResponseFlowProcessingPhase$1.process(AsyncResponseFlowProcessingPhase.java:72)
	at org.mule.execution.AsyncResponseFlowProcessingPhase$1.process(AsyncResponseFlowProcessingPhase.java:59)
	at org.mule.execution.ExecuteCallbackInterceptor.execute(ExecuteCallbackInterceptor.java:16)
	at org.mule.execution.CommitTransactionInterceptor.execute(CommitTransactionInterceptor.java:35)
	at org.mule.execution.CommitTransactionInterceptor.execute(CommitTransactionInterceptor.java:22)
	at org.mule.execution.HandleExceptionInterceptor.execute(HandleExceptionInterceptor.java:30)
	at org.mule.execution.HandleExceptionInterceptor.execute(HandleExceptionInterceptor.java:14)
	at org.mule.execution.BeginAndResolveTransactionInterceptor.execute(BeginAndResolveTransactionInterceptor.java:67)
	at org.mule.execution.ResolvePreviousTransactionInterceptor.execute(ResolvePreviousTransactionInterceptor.java:44)
	at org.mule.execution.SuspendXaTransactionInterceptor.execute(SuspendXaTransactionInterceptor.java:50)
	at org.mule.execution.ValidateTransactionalStateInterceptor.execute(ValidateTransactionalStateInterceptor.java:40)
	at org.mule.execution.IsolateCurrentTransactionInterceptor.execute(IsolateCurrentTransactionInterceptor.java:41)
	at org.mule.execution.ExternalTransactionInterceptor.execute(ExternalTransactionInterceptor.java:48)
	at org.mule.execution.RethrowExceptionInterceptor.execute(RethrowExceptionInterceptor.java:28)
	at org.mule.execution.RethrowExceptionInterceptor.execute(RethrowExceptionInterceptor.java:13)
	at org.mule.execution.TransactionalErrorHandlingExecutionTemplate.execute(TransactionalErrorHandlingExecutionTemplate.java:110)
	at org.mule.execution.AsyncResponseFlowProcessingPhase.runPhase(AsyncResponseFlowProcessingPhase.java:58)
	at org.mule.execution.AsyncResponseFlowProcessingPhase.runPhase(AsyncResponseFlowProcessingPhase.java:35)
	at org.mule.execution.PhaseExecutionEngine$InternalPhaseExecutionEngine.process(PhaseExecutionEngine.java:114)
	at org.mule.execution.PhaseExecutionEngine.process(PhaseExecutionEngine.java:41)
	at org.mule.execution.MuleMessageProcessingManager.processMessage(MuleMessageProcessingManager.java:32)
	at org.mule.module.http.internal.listener.DefaultHttpListener$1.handleRequest(DefaultHttpListener.java:133)
	at org.mule.module.http.internal.listener.grizzly.GrizzlyRequestDispatcherFilter.handleRead(GrizzlyRequestDispatcherFilter.java:83)
	at org.glassfish.grizzly.filterchain.ExecutorResolver$9.execute(ExecutorResolver.java:119)
	at org.glassfish.grizzly.filterchain.DefaultFilterChain.executeFilter(DefaultFilterChain.java:284)
	at org.glassfish.grizzly.filterchain.DefaultFilterChain.executeChainPart(DefaultFilterChain.java:201)
	at org.glassfish.grizzly.filterchain.DefaultFilterChain.execute(DefaultFilterChain.java:133)
	at org.glassfish.grizzly.filterchain.DefaultFilterChain.process(DefaultFilterChain.java:112)
	at org.glassfish.grizzly.ProcessorExecutor.execute(ProcessorExecutor.java:77)
	at org.glassfish.grizzly.nio.transport.TCPNIOTransport.fireIOEvent(TCPNIOTransport.java:526)
	at org.glassfish.grizzly.strategies.AbstractIOStrategy.fireIOEvent(AbstractIOStrategy.java:112)
	at org.mule.module.http.internal.listener.grizzly.ExecutorPerServerAddressIOStrategy.run0(ExecutorPerServerAddressIOStrategy.java:102)
	at org.mule.module.http.internal.listener.grizzly.ExecutorPerServerAddressIOStrategy.access$100(ExecutorPerServerAddressIOStrategy.java:30)
	at org.mule.module.http.internal.listener.grizzly.ExecutorPerServerAddressIOStrategy$WorkerThreadRunnable.run(ExecutorPerServerAddressIOStrategy.java:125)
	at java.util.concurrent.ThreadPoolExecutor.runWorker(ThreadPoolExecutor.java:1142)
	at java.util.concurrent.ThreadPoolExecutor$Worker.run(ThreadPoolExecutor.java:617)
	at java.lang.Thread.run(Thread.java:745)

********************************************************************************

2017-05-08 17:26:42,722 [Mule.app.deployer.monitor.1.thread.1] INFO  org.mule.module.launcher.application.DefaultMuleApplication - 
++++++++++++++++++++++++++++++++++++++++++++++++++++++++++++
+ Stopping app 'ejemplo1'                                  +
++++++++++++++++++++++++++++++++++++++++++++++++++++++++++++
2017-05-08 17:26:42,722 [Mule.app.deployer.monitor.1.thread.1] INFO  org.mule.construct.FlowConstructLifecycleManager - Stopping flow: ejemplo1Flow
2017-05-08 17:26:42,723 [Mule.app.deployer.monitor.1.thread.1] INFO  org.mule.processor.SedaStageLifecycleManager - Stopping service: ejemplo1Flow.stage1
2017-05-08 17:26:42,883 [Mule.app.deployer.monitor.1.thread.1] INFO  org.mule.lifecycle.AbstractLifecycleManager - Stopping model: _muleSystemModel
2017-05-08 17:26:42,890 [Mule.app.deployer.monitor.1.thread.1] INFO  org.mule.module.http.internal.listener.DefaultHttpListenerConfig - Stopped listener on http://0.0.0.0:9090/base
2017-05-08 17:26:42,892 [Mule.app.deployer.monitor.1.thread.1] INFO  org.mule.util.queue.QueueXaResourceManager - Stopping ResourceManager
2017-05-08 17:26:42,892 [Mule.app.deployer.monitor.1.thread.1] INFO  org.mule.util.queue.QueueXaResourceManager - Stopped ResourceManager
2017-05-08 17:26:42,896 [Mule.app.deployer.monitor.1.thread.1] INFO  org.mule.module.launcher.application.DefaultMuleApplication - 
++++++++++++++++++++++++++++++++++++++++++++++++++++++++++++
+ Disposing app 'ejemplo1'                                 +
++++++++++++++++++++++++++++++++++++++++++++++++++++++++++++
2017-05-08 17:26:42,896 [Mule.app.deployer.monitor.1.thread.1] INFO  org.mule.lifecycle.AbstractLifecycleManager - Disposing RegistryBroker
2017-05-08 17:26:42,897 [Mule.app.deployer.monitor.1.thread.1] INFO  org.mule.construct.FlowConstructLifecycleManager - Disposing flow: ejemplo1Flow
2017-05-08 17:26:42,897 [Mule.app.deployer.monitor.1.thread.1] INFO  org.mule.processor.SedaStageLifecycleManager - Disposing service: ejemplo1Flow.stage1
2017-05-08 17:26:42,900 [Mule.app.deployer.monitor.1.thread.1] INFO  org.mule.lifecycle.AbstractLifecycleManager - Disposing model: _muleSystemModel
2017-05-08 17:26:42,933 [Mule.app.deployer.monitor.1.thread.1] INFO  org.mule.config.spring.MuleArtifactContext - Closing org.mule.config.spring.MuleArtifactContext@8416018: startup date [Mon May 08 17:25:42 CEST 2017]; root of context hierarchy
2017-05-08 17:26:43,108 [Mule.app.deployer.monitor.1.thread.1] INFO  org.mule.DefaultMuleContext - 
**********************************************************************
* Application "ejemplo1" shut down normally on: 08/05/17 17:26       *
* Up for: 0 days, 0 hours, 1 mins, 0.443 sec                         *
**********************************************************************
2017-05-08 17:26:43,174 [Mule.app.deployer.monitor.1.thread.1] INFO  org.mule.module.launcher.application.DefaultMuleApplication - 
++++++++++++++++++++++++++++++++++++++++++++++++++++++++++++
+ Initializing app 'ejemplo1'                              +
++++++++++++++++++++++++++++++++++++++++++++++++++++++++++++
2017-05-08 17:26:43,179 [Mule.app.deployer.monitor.1.thread.1] INFO  org.mule.lifecycle.AbstractLifecycleManager - Initialising RegistryBroker
2017-05-08 17:26:43,183 [Mule.app.deployer.monitor.1.thread.1] INFO  org.mule.module.extension.internal.manager.DefaultExtensionManager - Starting discovery of extensions
2017-05-08 17:26:43,195 [Mule.app.deployer.monitor.1.thread.1] INFO  org.mule.module.extension.internal.manager.DefaultExtensionManager - Discovered 1 extensions
2017-05-08 17:26:43,195 [Mule.app.deployer.monitor.1.thread.1] INFO  org.mule.module.extension.internal.manager.DefaultExtensionManager - Registering extension validation (version 3.8)
2017-05-08 17:26:43,199 [Mule.app.deployer.monitor.1.thread.1] INFO  org.mule.config.spring.MuleArtifactContext - Refreshing org.mule.config.spring.MuleArtifactContext@51a7edc1: startup date [Mon May 08 17:26:43 CEST 2017]; root of context hierarchy
2017-05-08 17:26:43,364 [Mule.app.deployer.monitor.1.thread.1] INFO  org.mule.config.spring.processors.NoDevkitInjectorProcessor - JSR-330 'javax.inject.Inject' annotation found and supported for autowiring
2017-05-08 17:26:43,438 [Mule.app.deployer.monitor.1.thread.1] INFO  org.mule.util.journal.TransactionJournal - Using files for tx logs D:\devel\Projects\Courses\Mule\.mule\.\.mule\ejemplo1\queue-tx-log\tx1.log and D:\devel\Projects\Courses\Mule\.mule\.\.mule\ejemplo1\queue-tx-log\tx2.log
2017-05-08 17:26:43,440 [Mule.app.deployer.monitor.1.thread.1] INFO  org.mule.util.journal.TransactionJournal - Using files for tx logs D:\devel\Projects\Courses\Mule\.mule\.\.mule\ejemplo1\queue-xa-tx-log\tx1.log and D:\devel\Projects\Courses\Mule\.mule\.\.mule\ejemplo1\queue-xa-tx-log\tx2.log
2017-05-08 17:26:43,443 [Mule.app.deployer.monitor.1.thread.1] INFO  org.mule.lifecycle.AbstractLifecycleManager - Initialising model: _muleSystemModel
2017-05-08 17:26:43,444 [Mule.app.deployer.monitor.1.thread.1] INFO  org.mule.construct.FlowConstructLifecycleManager - Initialising flow: ejemplo1Flow
2017-05-08 17:26:43,444 [Mule.app.deployer.monitor.1.thread.1] INFO  org.mule.exception.DefaultMessagingExceptionStrategy - Initialising exception listener: org.mule.exception.DefaultMessagingExceptionStrategy@21fe7770
2017-05-08 17:26:43,447 [Mule.app.deployer.monitor.1.thread.1] INFO  org.mule.processor.SedaStageLifecycleManager - Initialising service: ejemplo1Flow.stage1
2017-05-08 17:26:43,467 [Mule.app.deployer.monitor.1.thread.1] INFO  org.mule.config.spring.SpringXmlConfigurationBuilder - Configured Mule using "org.mule.config.spring.SpringXmlConfigurationBuilder" with configuration resource(s): "[ConfigResource{resourceName='D:\devel\Projects\Courses\Mule\.mule\apps\ejemplo1\ejemplo1.xml'}]"
2017-05-08 17:26:43,467 [Mule.app.deployer.monitor.1.thread.1] INFO  org.mule.config.builders.AutoConfigurationBuilder - Configured Mule using "org.mule.config.builders.AutoConfigurationBuilder" with configuration resource(s): "[ConfigResource{resourceName='D:\devel\Projects\Courses\Mule\.mule\apps\ejemplo1\ejemplo1.xml'}]"
2017-05-08 17:26:43,468 [Mule.app.deployer.monitor.1.thread.1] INFO  org.mule.module.launcher.application.DefaultMuleApplication - 
++++++++++++++++++++++++++++++++++++++++++++++++++++++++++++
+ Starting app 'ejemplo1'                                  +
++++++++++++++++++++++++++++++++++++++++++++++++++++++++++++
2017-05-08 17:26:43,469 [Mule.app.deployer.monitor.1.thread.1] INFO  org.mule.util.queue.QueueXaResourceManager - Starting ResourceManager
2017-05-08 17:26:43,469 [Mule.app.deployer.monitor.1.thread.1] INFO  org.mule.util.queue.QueueXaResourceManager - Started ResourceManager
2017-05-08 17:26:43,484 [Mule.app.deployer.monitor.1.thread.1] INFO  org.mule.module.http.internal.listener.DefaultHttpListenerConfig - Listening for requests on http://0.0.0.0:9090/base
2017-05-08 17:26:43,487 [Mule.app.deployer.monitor.1.thread.1] INFO  org.mule.lifecycle.AbstractLifecycleManager - Starting model: _muleSystemModel
2017-05-08 17:26:43,488 [Mule.app.deployer.monitor.1.thread.1] INFO  org.mule.construct.FlowConstructLifecycleManager - Starting flow: ejemplo1Flow
2017-05-08 17:26:43,488 [Mule.app.deployer.monitor.1.thread.1] INFO  org.mule.processor.SedaStageLifecycleManager - Starting service: ejemplo1Flow.stage1
2017-05-08 17:26:43,493 [Mule.app.deployer.monitor.1.thread.1] INFO  org.mule.module.management.agent.WrapperManagerAgent - This JVM hasn't been launched by the wrapper, the agent will not run.
2017-05-08 17:26:43,495 [Mule.app.deployer.monitor.1.thread.1] INFO  org.mule.DefaultMuleContext - 
**********************************************************************
* Application: ejemplo1                                              *
* OS encoding: \, Mule encoding: UTF-8                               *
*                                                                    *
* Agents Running:                                                    *
*   JMX Agent                                                        *
*   Wrapper Manager                                                  *
**********************************************************************
2017-05-08 17:26:56,174 [[ejemplo1].HTTP_Listener_Configuration.worker.01] INFO  org.mule.api.processor.LoggerMessageProcessor - ramon
2017-05-08 17:26:56,184 [[ejemplo1].HTTP_Listener_Configuration.worker.01] INFO  org.mule.api.processor.LoggerMessageProcessor - chavo
2017-05-08 17:27:07,151 [[ejemplo1].HTTP_Listener_Configuration.worker.04] INFO  org.mule.api.processor.LoggerMessageProcessor - ramon
2017-05-08 17:27:07,153 [[ejemplo1].HTTP_Listener_Configuration.worker.04] INFO  org.mule.api.processor.LoggerMessageProcessor - chavo
2017-05-08 17:42:04,059 [Mule.app.deployer.monitor.1.thread.1] INFO  org.mule.module.launcher.application.DefaultMuleApplication - 
++++++++++++++++++++++++++++++++++++++++++++++++++++++++++++
+ Stopping app 'ejemplo1'                                  +
++++++++++++++++++++++++++++++++++++++++++++++++++++++++++++
2017-05-08 17:42:04,061 [Mule.app.deployer.monitor.1.thread.1] INFO  org.mule.construct.FlowConstructLifecycleManager - Stopping flow: ejemplo1Flow
2017-05-08 17:42:04,061 [Mule.app.deployer.monitor.1.thread.1] INFO  org.mule.processor.SedaStageLifecycleManager - Stopping service: ejemplo1Flow.stage1
2017-05-08 17:42:04,251 [Mule.app.deployer.monitor.1.thread.1] INFO  org.mule.lifecycle.AbstractLifecycleManager - Stopping model: _muleSystemModel
2017-05-08 17:42:04,255 [Mule.app.deployer.monitor.1.thread.1] INFO  org.mule.module.http.internal.listener.DefaultHttpListenerConfig - Stopped listener on http://0.0.0.0:9090/base
2017-05-08 17:42:04,257 [Mule.app.deployer.monitor.1.thread.1] INFO  org.mule.util.queue.QueueXaResourceManager - Stopping ResourceManager
2017-05-08 17:42:04,257 [Mule.app.deployer.monitor.1.thread.1] INFO  org.mule.util.queue.QueueXaResourceManager - Stopped ResourceManager
2017-05-08 17:42:04,259 [Mule.app.deployer.monitor.1.thread.1] INFO  org.mule.module.launcher.application.DefaultMuleApplication - 
++++++++++++++++++++++++++++++++++++++++++++++++++++++++++++
+ Disposing app 'ejemplo1'                                 +
++++++++++++++++++++++++++++++++++++++++++++++++++++++++++++
2017-05-08 17:42:04,260 [Mule.app.deployer.monitor.1.thread.1] INFO  org.mule.lifecycle.AbstractLifecycleManager - Disposing RegistryBroker
2017-05-08 17:42:04,260 [Mule.app.deployer.monitor.1.thread.1] INFO  org.mule.construct.FlowConstructLifecycleManager - Disposing flow: ejemplo1Flow
2017-05-08 17:42:04,260 [Mule.app.deployer.monitor.1.thread.1] INFO  org.mule.processor.SedaStageLifecycleManager - Disposing service: ejemplo1Flow.stage1
2017-05-08 17:42:04,263 [Mule.app.deployer.monitor.1.thread.1] INFO  org.mule.lifecycle.AbstractLifecycleManager - Disposing model: _muleSystemModel
2017-05-08 17:42:04,290 [Mule.app.deployer.monitor.1.thread.1] INFO  org.mule.config.spring.MuleArtifactContext - Closing org.mule.config.spring.MuleArtifactContext@51a7edc1: startup date [Mon May 08 17:26:43 CEST 2017]; root of context hierarchy
2017-05-08 17:42:04,350 [Mule.app.deployer.monitor.1.thread.1] INFO  org.mule.DefaultMuleContext - 
**********************************************************************
* Application "ejemplo1" shut down normally on: 08/05/17 17:42       *
* Up for: 0 days, 0 hours, 15 mins, 20.881 sec                       *
**********************************************************************
2017-05-08 17:42:04,405 [Mule.app.deployer.monitor.1.thread.1] INFO  org.mule.module.launcher.application.DefaultMuleApplication - 
++++++++++++++++++++++++++++++++++++++++++++++++++++++++++++
+ Initializing app 'ejemplo1'                              +
++++++++++++++++++++++++++++++++++++++++++++++++++++++++++++
2017-05-08 17:42:04,411 [Mule.app.deployer.monitor.1.thread.1] INFO  org.mule.lifecycle.AbstractLifecycleManager - Initialising RegistryBroker
2017-05-08 17:42:04,417 [Mule.app.deployer.monitor.1.thread.1] INFO  org.mule.module.extension.internal.manager.DefaultExtensionManager - Starting discovery of extensions
2017-05-08 17:42:04,430 [Mule.app.deployer.monitor.1.thread.1] INFO  org.mule.module.extension.internal.manager.DefaultExtensionManager - Discovered 1 extensions
2017-05-08 17:42:04,430 [Mule.app.deployer.monitor.1.thread.1] INFO  org.mule.module.extension.internal.manager.DefaultExtensionManager - Registering extension validation (version 3.8)
2017-05-08 17:42:04,436 [Mule.app.deployer.monitor.1.thread.1] INFO  org.mule.config.spring.MuleArtifactContext - Refreshing org.mule.config.spring.MuleArtifactContext@279d945: startup date [Mon May 08 17:42:04 CEST 2017]; root of context hierarchy
2017-05-08 17:42:04,652 [Mule.app.deployer.monitor.1.thread.1] INFO  org.mule.lifecycle.AbstractLifecycleManager - Disposing RegistryBroker
2017-05-08 17:42:04,815 [Mule.app.deployer.monitor.1.thread.1] ERROR org.mule.module.launcher.application.DefaultMuleApplication - null
org.xml.sax.SAXParseException: cvc-complex-type.2.4.b: The content of element 'flow' is not complete. One of '{"http://www.mulesoft.org/schema/mule/core":annotations, "http://www.mulesoft.org/schema/mule/core":description, "http://www.mulesoft.org/schema/mule/core":abstract-message-source, "http://www.mulesoft.org/schema/mule/core":abstract-inbound-endpoint, "http://www.mulesoft.org/schema/mule/core":abstract-message-processor, "http://www.mulesoft.org/schema/mule/core":abstract-outbound-endpoint, "http://www.mulesoft.org/schema/mule/core":abstract-mixed-content-message-processor, "http://www.mulesoft.org/schema/mule/core":response}' is expected.
	at org.apache.xerces.util.ErrorHandlerWrapper.createSAXParseException(Unknown Source) ~[?:?]
	at org.apache.xerces.util.ErrorHandlerWrapper.error(Unknown Source) ~[?:?]
	at org.apache.xerces.impl.XMLErrorReporter.reportError(Unknown Source) ~[?:?]
	at org.apache.xerces.impl.XMLErrorReporter.reportError(Unknown Source) ~[?:?]
	at org.apache.xerces.impl.XMLErrorReporter.reportError(Unknown Source) ~[?:?]
	at org.apache.xerces.impl.xs.XMLSchemaValidator$XSIErrorReporter.reportError(Unknown Source) ~[?:?]
	at org.apache.xerces.impl.xs.XMLSchemaValidator.reportSchemaError(Unknown Source) ~[?:?]
	at org.apache.xerces.impl.xs.XMLSchemaValidator.elementLocallyValidComplexType(Unknown Source) ~[?:?]
	at org.apache.xerces.impl.xs.XMLSchemaValidator.elementLocallyValidType(Unknown Source) ~[?:?]
	at org.apache.xerces.impl.xs.XMLSchemaValidator.processElementContent(Unknown Source) ~[?:?]
	at org.apache.xerces.impl.xs.XMLSchemaValidator.handleEndElement(Unknown Source) ~[?:?]
	at org.apache.xerces.impl.xs.XMLSchemaValidator.emptyElement(Unknown Source) ~[?:?]
	at org.apache.xerces.impl.XMLNSDocumentScannerImpl.scanStartElement(Unknown Source) ~[?:?]
	at org.apache.xerces.impl.XMLDocumentFragmentScannerImpl$FragmentContentDispatcher.dispatch(Unknown Source) ~[?:?]
	at org.apache.xerces.impl.XMLDocumentFragmentScannerImpl.scanDocument(Unknown Source) ~[?:?]
	at org.apache.xerces.parsers.XML11Configuration.parse(Unknown Source) ~[?:?]
	at org.apache.xerces.parsers.XML11Configuration.parse(Unknown Source) ~[?:?]
	at org.apache.xerces.parsers.XMLParser.parse(Unknown Source) ~[?:?]
	at org.apache.xerces.parsers.DOMParser.parse(Unknown Source) ~[?:?]
	at org.apache.xerces.jaxp.DocumentBuilderImpl.parse(Unknown Source) ~[?:?]
	at org.springframework.beans.factory.xml.DefaultDocumentLoader.loadDocument(DefaultDocumentLoader.java:76) ~[spring-beans-4.1.6.RELEASE.jar:4.1.6.RELEASE]
	at org.mule.config.spring.MuleDocumentLoader.loadDocument(MuleDocumentLoader.java:86) ~[mule-module-spring-config-3.8.1.jar:3.8.1]
	at org.springframework.beans.factory.xml.XmlBeanDefinitionReader.doLoadDocument(XmlBeanDefinitionReader.java:429) ~[spring-beans-4.1.6.RELEASE.jar:4.1.6.RELEASE]
	at org.springframework.beans.factory.xml.XmlBeanDefinitionReader.doLoadBeanDefinitions(XmlBeanDefinitionReader.java:391) ~[spring-beans-4.1.6.RELEASE.jar:4.1.6.RELEASE]
	at org.springframework.beans.factory.xml.XmlBeanDefinitionReader.loadBeanDefinitions(XmlBeanDefinitionReader.java:336) ~[spring-beans-4.1.6.RELEASE.jar:4.1.6.RELEASE]
	at org.springframework.beans.factory.xml.XmlBeanDefinitionReader.loadBeanDefinitions(XmlBeanDefinitionReader.java:304) ~[spring-beans-4.1.6.RELEASE.jar:4.1.6.RELEASE]
	at org.springframework.beans.factory.support.AbstractBeanDefinitionReader.loadBeanDefinitions(AbstractBeanDefinitionReader.java:181) ~[spring-beans-4.1.6.RELEASE.jar:4.1.6.RELEASE]
	at org.mule.config.spring.MuleArtifactContext.loadBeanDefinitions(MuleArtifactContext.java:192) ~[mule-module-spring-config-3.8.1.jar:3.8.1]
	at org.springframework.context.support.AbstractRefreshableApplicationContext.refreshBeanFactory(AbstractRefreshableApplicationContext.java:129) ~[spring-context-4.1.6.RELEASE.jar:4.1.6.RELEASE]
	at org.springframework.context.support.AbstractApplicationContext.obtainFreshBeanFactory(AbstractApplicationContext.java:537) ~[spring-context-4.1.6.RELEASE.jar:4.1.6.RELEASE]
	at org.springframework.context.support.AbstractApplicationContext.refresh(AbstractApplicationContext.java:452) ~[spring-context-4.1.6.RELEASE.jar:4.1.6.RELEASE]
	at org.mule.config.spring.SpringRegistry.doInitialise(SpringRegistry.java:108) ~[mule-module-spring-config-3.8.1.jar:3.8.1]
	at org.mule.registry.AbstractRegistry.initialise(AbstractRegistry.java:104) ~[mule-core-3.8.1.jar:3.8.1]
	at org.mule.config.spring.SpringXmlConfigurationBuilder.createSpringRegistry(SpringXmlConfigurationBuilder.java:177) ~[mule-module-spring-config-3.8.1.jar:3.8.1]
	at org.mule.config.spring.SpringXmlConfigurationBuilder.doConfigure(SpringXmlConfigurationBuilder.java:100) ~[mule-module-spring-config-3.8.1.jar:3.8.1]
	at org.mule.config.builders.AbstractConfigurationBuilder.configure(AbstractConfigurationBuilder.java:43) ~[mule-core-3.8.1.jar:3.8.1]
	at org.mule.config.builders.AbstractResourceConfigurationBuilder.configure(AbstractResourceConfigurationBuilder.java:69) ~[mule-core-3.8.1.jar:3.8.1]
	at org.mule.config.builders.AutoConfigurationBuilder.autoConfigure(AutoConfigurationBuilder.java:101) ~[mule-core-3.8.1.jar:3.8.1]
	at org.mule.config.builders.AutoConfigurationBuilder.doConfigure(AutoConfigurationBuilder.java:52) ~[mule-core-3.8.1.jar:3.8.1]
	at org.mule.config.builders.AbstractConfigurationBuilder.configure(AbstractConfigurationBuilder.java:43) ~[mule-core-3.8.1.jar:3.8.1]
	at org.mule.config.builders.AbstractResourceConfigurationBuilder.configure(AbstractResourceConfigurationBuilder.java:69) ~[mule-core-3.8.1.jar:3.8.1]
	at org.mule.context.DefaultMuleContextFactory$1.configure(DefaultMuleContextFactory.java:89) ~[mule-core-3.8.1.jar:3.8.1]
	at org.mule.context.DefaultMuleContextFactory.doCreateMuleContext(DefaultMuleContextFactory.java:222) ~[mule-core-3.8.1.jar:3.8.1]
	at org.mule.context.DefaultMuleContextFactory.createMuleContext(DefaultMuleContextFactory.java:81) ~[mule-core-3.8.1.jar:3.8.1]
	at org.mule.module.launcher.application.DefaultMuleApplication.init(DefaultMuleApplication.java:198) ~[mule-module-launcher-3.8.1.jar:3.8.1]
	at org.mule.module.launcher.artifact.ArtifactWrapper$2.execute(ArtifactWrapper.java:63) ~[mule-module-launcher-3.8.1.jar:3.8.1]
	at org.mule.module.launcher.artifact.ArtifactWrapper.executeWithinArtifactClassLoader(ArtifactWrapper.java:136) ~[mule-module-launcher-3.8.1.jar:3.8.1]
	at org.mule.module.launcher.artifact.ArtifactWrapper.init(ArtifactWrapper.java:58) ~[mule-module-launcher-3.8.1.jar:3.8.1]
	at org.mule.module.launcher.DefaultArtifactDeployer.deploy(DefaultArtifactDeployer.java:25) ~[mule-module-launcher-3.8.1.jar:3.8.1]
	at org.mule.module.launcher.DefaultArchiveDeployer.redeploy(DefaultArchiveDeployer.java:544) ~[mule-module-launcher-3.8.1.jar:3.8.1]
	at org.mule.module.launcher.DeploymentDirectoryWatcher.redeployModifiedArtifacts(DeploymentDirectoryWatcher.java:555) ~[mule-module-launcher-3.8.1.jar:3.8.1]
	at org.mule.module.launcher.DeploymentDirectoryWatcher.redeployModifiedApplications(DeploymentDirectoryWatcher.java:532) ~[mule-module-launcher-3.8.1.jar:3.8.1]
	at org.mule.module.launcher.DeploymentDirectoryWatcher.run(DeploymentDirectoryWatcher.java:348) ~[mule-module-launcher-3.8.1.jar:3.8.1]
	at java.util.concurrent.Executors$RunnableAdapter.call(Executors.java:511) ~[?:1.8.0_25]
	at java.util.concurrent.FutureTask.runAndReset(FutureTask.java:308) ~[?:1.8.0_25]
	at java.util.concurrent.ScheduledThreadPoolExecutor$ScheduledFutureTask.access$301(ScheduledThreadPoolExecutor.java:180) ~[?:1.8.0_25]
	at java.util.concurrent.ScheduledThreadPoolExecutor$ScheduledFutureTask.run(ScheduledThreadPoolExecutor.java:294) ~[?:1.8.0_25]
	at java.util.concurrent.ThreadPoolExecutor.runWorker(ThreadPoolExecutor.java:1142) [?:1.8.0_25]
	at java.util.concurrent.ThreadPoolExecutor$Worker.run(ThreadPoolExecutor.java:617) [?:1.8.0_25]
	at java.lang.Thread.run(Thread.java:745) [?:1.8.0_25]
2017-05-08 17:42:04,816 [Mule.app.deployer.monitor.1.thread.1] INFO  org.mule.module.launcher.application.DefaultMuleApplication - App 'ejemplo1' never started, nothing to dispose of
2017-05-08 17:42:34,871 [Mule.app.deployer.monitor.1.thread.1] INFO  org.mule.module.launcher.application.DefaultMuleApplication - 
++++++++++++++++++++++++++++++++++++++++++++++++++++++++++++
+ Initializing app 'ejemplo1'                              +
++++++++++++++++++++++++++++++++++++++++++++++++++++++++++++
2017-05-08 17:42:34,875 [Mule.app.deployer.monitor.1.thread.1] INFO  org.mule.lifecycle.AbstractLifecycleManager - Initialising RegistryBroker
2017-05-08 17:42:34,881 [Mule.app.deployer.monitor.1.thread.1] INFO  org.mule.module.extension.internal.manager.DefaultExtensionManager - Starting discovery of extensions
2017-05-08 17:42:34,894 [Mule.app.deployer.monitor.1.thread.1] INFO  org.mule.module.extension.internal.manager.DefaultExtensionManager - Discovered 1 extensions
2017-05-08 17:42:34,894 [Mule.app.deployer.monitor.1.thread.1] INFO  org.mule.module.extension.internal.manager.DefaultExtensionManager - Registering extension validation (version 3.8)
2017-05-08 17:42:34,902 [Mule.app.deployer.monitor.1.thread.1] INFO  org.mule.config.spring.MuleArtifactContext - Refreshing org.mule.config.spring.MuleArtifactContext@1b67ca1f: startup date [Mon May 08 17:42:34 CEST 2017]; root of context hierarchy
2017-05-08 17:42:35,048 [Mule.app.deployer.monitor.1.thread.1] INFO  org.mule.lifecycle.AbstractLifecycleManager - Disposing RegistryBroker
2017-05-08 17:42:35,077 [Mule.app.deployer.monitor.1.thread.1] ERROR org.mule.module.launcher.application.DefaultMuleApplication - null
org.xml.sax.SAXParseException: cvc-complex-type.2.4.b: The content of element 'flow' is not complete. One of '{"http://www.mulesoft.org/schema/mule/core":abstract-message-processor, "http://www.mulesoft.org/schema/mule/core":abstract-outbound-endpoint, "http://www.mulesoft.org/schema/mule/core":abstract-mixed-content-message-processor, "http://www.mulesoft.org/schema/mule/core":response}' is expected.
	at org.apache.xerces.util.ErrorHandlerWrapper.createSAXParseException(Unknown Source) ~[?:?]
	at org.apache.xerces.util.ErrorHandlerWrapper.error(Unknown Source) ~[?:?]
	at org.apache.xerces.impl.XMLErrorReporter.reportError(Unknown Source) ~[?:?]
	at org.apache.xerces.impl.XMLErrorReporter.reportError(Unknown Source) ~[?:?]
	at org.apache.xerces.impl.XMLErrorReporter.reportError(Unknown Source) ~[?:?]
	at org.apache.xerces.impl.xs.XMLSchemaValidator$XSIErrorReporter.reportError(Unknown Source) ~[?:?]
	at org.apache.xerces.impl.xs.XMLSchemaValidator.reportSchemaError(Unknown Source) ~[?:?]
	at org.apache.xerces.impl.xs.XMLSchemaValidator.elementLocallyValidComplexType(Unknown Source) ~[?:?]
	at org.apache.xerces.impl.xs.XMLSchemaValidator.elementLocallyValidType(Unknown Source) ~[?:?]
	at org.apache.xerces.impl.xs.XMLSchemaValidator.processElementContent(Unknown Source) ~[?:?]
	at org.apache.xerces.impl.xs.XMLSchemaValidator.handleEndElement(Unknown Source) ~[?:?]
	at org.apache.xerces.impl.xs.XMLSchemaValidator.endElement(Unknown Source) ~[?:?]
	at org.apache.xerces.impl.XMLNSDocumentScannerImpl.scanEndElement(Unknown Source) ~[?:?]
	at org.apache.xerces.impl.XMLDocumentFragmentScannerImpl$FragmentContentDispatcher.dispatch(Unknown Source) ~[?:?]
	at org.apache.xerces.impl.XMLDocumentFragmentScannerImpl.scanDocument(Unknown Source) ~[?:?]
	at org.apache.xerces.parsers.XML11Configuration.parse(Unknown Source) ~[?:?]
	at org.apache.xerces.parsers.XML11Configuration.parse(Unknown Source) ~[?:?]
	at org.apache.xerces.parsers.XMLParser.parse(Unknown Source) ~[?:?]
	at org.apache.xerces.parsers.DOMParser.parse(Unknown Source) ~[?:?]
	at org.apache.xerces.jaxp.DocumentBuilderImpl.parse(Unknown Source) ~[?:?]
	at org.springframework.beans.factory.xml.DefaultDocumentLoader.loadDocument(DefaultDocumentLoader.java:76) ~[spring-beans-4.1.6.RELEASE.jar:4.1.6.RELEASE]
	at org.mule.config.spring.MuleDocumentLoader.loadDocument(MuleDocumentLoader.java:86) ~[mule-module-spring-config-3.8.1.jar:3.8.1]
	at org.springframework.beans.factory.xml.XmlBeanDefinitionReader.doLoadDocument(XmlBeanDefinitionReader.java:429) ~[spring-beans-4.1.6.RELEASE.jar:4.1.6.RELEASE]
	at org.springframework.beans.factory.xml.XmlBeanDefinitionReader.doLoadBeanDefinitions(XmlBeanDefinitionReader.java:391) ~[spring-beans-4.1.6.RELEASE.jar:4.1.6.RELEASE]
	at org.springframework.beans.factory.xml.XmlBeanDefinitionReader.loadBeanDefinitions(XmlBeanDefinitionReader.java:336) ~[spring-beans-4.1.6.RELEASE.jar:4.1.6.RELEASE]
	at org.springframework.beans.factory.xml.XmlBeanDefinitionReader.loadBeanDefinitions(XmlBeanDefinitionReader.java:304) ~[spring-beans-4.1.6.RELEASE.jar:4.1.6.RELEASE]
	at org.springframework.beans.factory.support.AbstractBeanDefinitionReader.loadBeanDefinitions(AbstractBeanDefinitionReader.java:181) ~[spring-beans-4.1.6.RELEASE.jar:4.1.6.RELEASE]
	at org.mule.config.spring.MuleArtifactContext.loadBeanDefinitions(MuleArtifactContext.java:192) ~[mule-module-spring-config-3.8.1.jar:3.8.1]
	at org.springframework.context.support.AbstractRefreshableApplicationContext.refreshBeanFactory(AbstractRefreshableApplicationContext.java:129) ~[spring-context-4.1.6.RELEASE.jar:4.1.6.RELEASE]
	at org.springframework.context.support.AbstractApplicationContext.obtainFreshBeanFactory(AbstractApplicationContext.java:537) ~[spring-context-4.1.6.RELEASE.jar:4.1.6.RELEASE]
	at org.springframework.context.support.AbstractApplicationContext.refresh(AbstractApplicationContext.java:452) ~[spring-context-4.1.6.RELEASE.jar:4.1.6.RELEASE]
	at org.mule.config.spring.SpringRegistry.doInitialise(SpringRegistry.java:108) ~[mule-module-spring-config-3.8.1.jar:3.8.1]
	at org.mule.registry.AbstractRegistry.initialise(AbstractRegistry.java:104) ~[mule-core-3.8.1.jar:3.8.1]
	at org.mule.config.spring.SpringXmlConfigurationBuilder.createSpringRegistry(SpringXmlConfigurationBuilder.java:177) ~[mule-module-spring-config-3.8.1.jar:3.8.1]
	at org.mule.config.spring.SpringXmlConfigurationBuilder.doConfigure(SpringXmlConfigurationBuilder.java:100) ~[mule-module-spring-config-3.8.1.jar:3.8.1]
	at org.mule.config.builders.AbstractConfigurationBuilder.configure(AbstractConfigurationBuilder.java:43) ~[mule-core-3.8.1.jar:3.8.1]
	at org.mule.config.builders.AbstractResourceConfigurationBuilder.configure(AbstractResourceConfigurationBuilder.java:69) ~[mule-core-3.8.1.jar:3.8.1]
	at org.mule.config.builders.AutoConfigurationBuilder.autoConfigure(AutoConfigurationBuilder.java:101) ~[mule-core-3.8.1.jar:3.8.1]
	at org.mule.config.builders.AutoConfigurationBuilder.doConfigure(AutoConfigurationBuilder.java:52) ~[mule-core-3.8.1.jar:3.8.1]
	at org.mule.config.builders.AbstractConfigurationBuilder.configure(AbstractConfigurationBuilder.java:43) ~[mule-core-3.8.1.jar:3.8.1]
	at org.mule.config.builders.AbstractResourceConfigurationBuilder.configure(AbstractResourceConfigurationBuilder.java:69) ~[mule-core-3.8.1.jar:3.8.1]
	at org.mule.context.DefaultMuleContextFactory$1.configure(DefaultMuleContextFactory.java:89) ~[mule-core-3.8.1.jar:3.8.1]
	at org.mule.context.DefaultMuleContextFactory.doCreateMuleContext(DefaultMuleContextFactory.java:222) ~[mule-core-3.8.1.jar:3.8.1]
	at org.mule.context.DefaultMuleContextFactory.createMuleContext(DefaultMuleContextFactory.java:81) ~[mule-core-3.8.1.jar:3.8.1]
	at org.mule.module.launcher.application.DefaultMuleApplication.init(DefaultMuleApplication.java:198) ~[mule-module-launcher-3.8.1.jar:3.8.1]
	at org.mule.module.launcher.artifact.ArtifactWrapper$2.execute(ArtifactWrapper.java:63) ~[mule-module-launcher-3.8.1.jar:3.8.1]
	at org.mule.module.launcher.artifact.ArtifactWrapper.executeWithinArtifactClassLoader(ArtifactWrapper.java:136) ~[mule-module-launcher-3.8.1.jar:3.8.1]
	at org.mule.module.launcher.artifact.ArtifactWrapper.init(ArtifactWrapper.java:58) ~[mule-module-launcher-3.8.1.jar:3.8.1]
	at org.mule.module.launcher.DefaultArtifactDeployer.deploy(DefaultArtifactDeployer.java:25) ~[mule-module-launcher-3.8.1.jar:3.8.1]
	at org.mule.module.launcher.DefaultArchiveDeployer.redeploy(DefaultArchiveDeployer.java:544) ~[mule-module-launcher-3.8.1.jar:3.8.1]
	at org.mule.module.launcher.DeploymentDirectoryWatcher.redeployModifiedArtifacts(DeploymentDirectoryWatcher.java:555) ~[mule-module-launcher-3.8.1.jar:3.8.1]
	at org.mule.module.launcher.DeploymentDirectoryWatcher.redeployModifiedApplications(DeploymentDirectoryWatcher.java:532) ~[mule-module-launcher-3.8.1.jar:3.8.1]
	at org.mule.module.launcher.DeploymentDirectoryWatcher.run(DeploymentDirectoryWatcher.java:348) ~[mule-module-launcher-3.8.1.jar:3.8.1]
	at java.util.concurrent.Executors$RunnableAdapter.call(Executors.java:511) ~[?:1.8.0_25]
	at java.util.concurrent.FutureTask.runAndReset(FutureTask.java:308) ~[?:1.8.0_25]
	at java.util.concurrent.ScheduledThreadPoolExecutor$ScheduledFutureTask.access$301(ScheduledThreadPoolExecutor.java:180) ~[?:1.8.0_25]
	at java.util.concurrent.ScheduledThreadPoolExecutor$ScheduledFutureTask.run(ScheduledThreadPoolExecutor.java:294) ~[?:1.8.0_25]
	at java.util.concurrent.ThreadPoolExecutor.runWorker(ThreadPoolExecutor.java:1142) [?:1.8.0_25]
	at java.util.concurrent.ThreadPoolExecutor$Worker.run(ThreadPoolExecutor.java:617) [?:1.8.0_25]
	at java.lang.Thread.run(Thread.java:745) [?:1.8.0_25]
2017-05-08 17:42:35,077 [Mule.app.deployer.monitor.1.thread.1] INFO  org.mule.module.launcher.application.DefaultMuleApplication - App 'ejemplo1' never started, nothing to dispose of
2017-05-08 17:43:55,170 [Mule.app.deployer.monitor.1.thread.1] INFO  org.mule.module.launcher.application.DefaultMuleApplication - 
++++++++++++++++++++++++++++++++++++++++++++++++++++++++++++
+ Initializing app 'ejemplo1'                              +
++++++++++++++++++++++++++++++++++++++++++++++++++++++++++++
2017-05-08 17:43:55,175 [Mule.app.deployer.monitor.1.thread.1] INFO  org.mule.lifecycle.AbstractLifecycleManager - Initialising RegistryBroker
2017-05-08 17:43:55,181 [Mule.app.deployer.monitor.1.thread.1] INFO  org.mule.module.extension.internal.manager.DefaultExtensionManager - Starting discovery of extensions
2017-05-08 17:43:55,202 [Mule.app.deployer.monitor.1.thread.1] INFO  org.mule.module.extension.internal.manager.DefaultExtensionManager - Discovered 1 extensions
2017-05-08 17:43:55,202 [Mule.app.deployer.monitor.1.thread.1] INFO  org.mule.module.extension.internal.manager.DefaultExtensionManager - Registering extension validation (version 3.8)
2017-05-08 17:43:55,211 [Mule.app.deployer.monitor.1.thread.1] INFO  org.mule.config.spring.MuleArtifactContext - Refreshing org.mule.config.spring.MuleArtifactContext@730bec8d: startup date [Mon May 08 17:43:55 CEST 2017]; root of context hierarchy
2017-05-08 17:43:55,426 [Mule.app.deployer.monitor.1.thread.1] INFO  org.mule.config.spring.processors.NoDevkitInjectorProcessor - JSR-330 'javax.inject.Inject' annotation found and supported for autowiring
2017-05-08 17:43:55,679 [Mule.app.deployer.monitor.1.thread.1] INFO  org.mule.util.journal.TransactionJournal - Using files for tx logs D:\devel\Projects\Courses\Mule\.mule\.\.mule\ejemplo1\queue-tx-log\tx1.log and D:\devel\Projects\Courses\Mule\.mule\.\.mule\ejemplo1\queue-tx-log\tx2.log
2017-05-08 17:43:55,680 [Mule.app.deployer.monitor.1.thread.1] INFO  org.mule.util.journal.TransactionJournal - Using files for tx logs D:\devel\Projects\Courses\Mule\.mule\.\.mule\ejemplo1\queue-xa-tx-log\tx1.log and D:\devel\Projects\Courses\Mule\.mule\.\.mule\ejemplo1\queue-xa-tx-log\tx2.log
2017-05-08 17:43:55,682 [Mule.app.deployer.monitor.1.thread.1] INFO  org.mule.lifecycle.AbstractLifecycleManager - Initialising connector: connector.VM.mule.default
2017-05-08 17:43:55,715 [Mule.app.deployer.monitor.1.thread.1] INFO  org.mule.lifecycle.AbstractLifecycleManager - Initialising model: _muleSystemModel
2017-05-08 17:43:55,716 [Mule.app.deployer.monitor.1.thread.1] INFO  org.mule.construct.FlowConstructLifecycleManager - Initialising flow: ejemplo1Flow
2017-05-08 17:43:55,716 [Mule.app.deployer.monitor.1.thread.1] INFO  org.mule.exception.DefaultMessagingExceptionStrategy - Initialising exception listener: org.mule.exception.DefaultMessagingExceptionStrategy@1d993c07
2017-05-08 17:43:55,720 [Mule.app.deployer.monitor.1.thread.1] INFO  org.mule.processor.SedaStageLifecycleManager - Initialising service: ejemplo1Flow.stage1
2017-05-08 17:43:55,721 [Mule.app.deployer.monitor.1.thread.1] INFO  org.mule.construct.FlowConstructLifecycleManager - Initialising flow: ejemplo1Flow1
2017-05-08 17:43:55,721 [Mule.app.deployer.monitor.1.thread.1] INFO  org.mule.exception.DefaultMessagingExceptionStrategy - Initialising exception listener: org.mule.exception.DefaultMessagingExceptionStrategy@32530afc
2017-05-08 17:43:55,725 [Mule.app.deployer.monitor.1.thread.1] INFO  org.mule.processor.SedaStageLifecycleManager - Initialising service: ejemplo1Flow1.stage1
2017-05-08 17:43:55,751 [Mule.app.deployer.monitor.1.thread.1] INFO  org.mule.config.spring.SpringXmlConfigurationBuilder - Configured Mule using "org.mule.config.spring.SpringXmlConfigurationBuilder" with configuration resource(s): "[ConfigResource{resourceName='D:\devel\Projects\Courses\Mule\.mule\apps\ejemplo1\ejemplo1.xml'}]"
2017-05-08 17:43:55,751 [Mule.app.deployer.monitor.1.thread.1] INFO  org.mule.config.builders.AutoConfigurationBuilder - Configured Mule using "org.mule.config.builders.AutoConfigurationBuilder" with configuration resource(s): "[ConfigResource{resourceName='D:\devel\Projects\Courses\Mule\.mule\apps\ejemplo1\ejemplo1.xml'}]"
2017-05-08 17:43:55,751 [Mule.app.deployer.monitor.1.thread.1] INFO  org.mule.module.launcher.application.DefaultMuleApplication - 
++++++++++++++++++++++++++++++++++++++++++++++++++++++++++++
+ Starting app 'ejemplo1'                                  +
++++++++++++++++++++++++++++++++++++++++++++++++++++++++++++
2017-05-08 17:43:55,754 [Mule.app.deployer.monitor.1.thread.1] INFO  org.mule.util.queue.QueueXaResourceManager - Starting ResourceManager
2017-05-08 17:43:55,754 [Mule.app.deployer.monitor.1.thread.1] INFO  org.mule.util.queue.QueueXaResourceManager - Started ResourceManager
2017-05-08 17:43:55,768 [Mule.app.deployer.monitor.1.thread.1] INFO  org.mule.module.http.internal.listener.DefaultHttpListenerConfig - Listening for requests on http://0.0.0.0:9090/base
2017-05-08 17:43:55,771 [Mule.app.deployer.monitor.1.thread.1] INFO  org.mule.transport.vm.VMConnector - Connected: VMConnector
{
  name=connector.VM.mule.default
  lifecycle=initialise
  this=4326b1cc
  numberOfConcurrentTransactedReceivers=4
  createMultipleTransactedReceivers=true
  connected=true
  supportedProtocols=[vm]
  serviceOverrides=<none>
}

2017-05-08 17:43:55,771 [Mule.app.deployer.monitor.1.thread.1] INFO  org.mule.transport.vm.VMConnector - Starting: VMConnector
{
  name=connector.VM.mule.default
  lifecycle=initialise
  this=4326b1cc
  numberOfConcurrentTransactedReceivers=4
  createMultipleTransactedReceivers=true
  connected=true
  supportedProtocols=[vm]
  serviceOverrides=<none>
}

2017-05-08 17:43:55,772 [Mule.app.deployer.monitor.1.thread.1] INFO  org.mule.lifecycle.AbstractLifecycleManager - Starting connector: connector.VM.mule.default
2017-05-08 17:43:55,776 [Mule.app.deployer.monitor.1.thread.1] INFO  org.mule.lifecycle.AbstractLifecycleManager - Starting model: _muleSystemModel
2017-05-08 17:43:55,778 [Mule.app.deployer.monitor.1.thread.1] INFO  org.mule.construct.FlowConstructLifecycleManager - Starting flow: ejemplo1Flow
2017-05-08 17:43:55,778 [Mule.app.deployer.monitor.1.thread.1] INFO  org.mule.processor.SedaStageLifecycleManager - Starting service: ejemplo1Flow.stage1
2017-05-08 17:43:55,780 [Mule.app.deployer.monitor.1.thread.1] INFO  org.mule.construct.FlowConstructLifecycleManager - Starting flow: ejemplo1Flow1
2017-05-08 17:43:55,780 [Mule.app.deployer.monitor.1.thread.1] INFO  org.mule.processor.SedaStageLifecycleManager - Starting service: ejemplo1Flow1.stage1
2017-05-08 17:43:55,824 [Mule.app.deployer.monitor.1.thread.1] INFO  org.mule.transport.vm.VMConnector - Registering listener: ejemplo1Flow1 on endpointUri: vm://demo
2017-05-08 17:43:55,844 [Mule.app.deployer.monitor.1.thread.1] INFO  org.mule.lifecycle.AbstractLifecycleManager - Initialising: 'null'. Object is: VMMessageReceiver
2017-05-08 17:43:55,846 [Mule.app.deployer.monitor.1.thread.1] INFO  org.mule.transport.vm.VMMessageReceiver - Connecting clusterizable message receiver
2017-05-08 17:43:55,846 [Mule.app.deployer.monitor.1.thread.1] INFO  org.mule.lifecycle.AbstractLifecycleManager - Starting: 'null'. Object is: VMMessageReceiver
2017-05-08 17:43:55,846 [Mule.app.deployer.monitor.1.thread.1] INFO  org.mule.transport.vm.VMMessageReceiver - Starting clusterizable message receiver
2017-05-08 17:43:55,852 [Mule.app.deployer.monitor.1.thread.1] INFO  org.mule.module.management.agent.WrapperManagerAgent - This JVM hasn't been launched by the wrapper, the agent will not run.
2017-05-08 17:43:55,858 [Mule.app.deployer.monitor.1.thread.1] INFO  org.mule.module.management.agent.AbstractJmxAgent - Attempting to register service with name: Mule.ejemplo1:type=Endpoint,service="ejemplo1Flow1",connector=connector.VM.mule.default,name="endpoint.vm.demo"
2017-05-08 17:43:55,858 [Mule.app.deployer.monitor.1.thread.1] INFO  org.mule.module.management.agent.AbstractJmxAgent - Registered Endpoint Service with name: Mule.ejemplo1:type=Endpoint,service="ejemplo1Flow1",connector=connector.VM.mule.default,name="endpoint.vm.demo"
2017-05-08 17:43:55,861 [Mule.app.deployer.monitor.1.thread.1] INFO  org.mule.module.management.agent.AbstractJmxAgent - Registered Connector Service with name Mule.ejemplo1:type=Connector,name="connector.VM.mule.default.1"
2017-05-08 17:43:55,862 [Mule.app.deployer.monitor.1.thread.1] INFO  org.mule.DefaultMuleContext - 
**********************************************************************
* Application: ejemplo1                                              *
* OS encoding: \, Mule encoding: UTF-8                               *
*                                                                    *
* Agents Running:                                                    *
*   JMX Agent                                                        *
*   Wrapper Manager                                                  *
**********************************************************************
2017-05-08 17:44:20,877 [Mule.app.deployer.monitor.1.thread.1] INFO  org.mule.module.launcher.application.DefaultMuleApplication - 
++++++++++++++++++++++++++++++++++++++++++++++++++++++++++++
+ Stopping app 'ejemplo1'                                  +
++++++++++++++++++++++++++++++++++++++++++++++++++++++++++++
2017-05-08 17:44:20,878 [Mule.app.deployer.monitor.1.thread.1] INFO  org.mule.construct.FlowConstructLifecycleManager - Stopping flow: ejemplo1Flow
2017-05-08 17:44:20,878 [Mule.app.deployer.monitor.1.thread.1] INFO  org.mule.processor.SedaStageLifecycleManager - Stopping service: ejemplo1Flow.stage1
2017-05-08 17:44:20,982 [Mule.app.deployer.monitor.1.thread.1] INFO  org.mule.construct.FlowConstructLifecycleManager - Stopping flow: ejemplo1Flow1
2017-05-08 17:44:20,982 [Mule.app.deployer.monitor.1.thread.1] INFO  org.mule.transport.vm.VMConnector - Removing listener on endpointUri: vm://demo
2017-05-08 17:44:20,983 [Mule.app.deployer.monitor.1.thread.1] INFO  org.mule.lifecycle.AbstractLifecycleManager - Stopping: 'null'. Object is: VMMessageReceiver
2017-05-08 17:44:21,085 [Mule.app.deployer.monitor.1.thread.1] INFO  org.mule.lifecycle.AbstractLifecycleManager - Disposing: 'null'. Object is: VMMessageReceiver
2017-05-08 17:44:21,085 [Mule.app.deployer.monitor.1.thread.1] INFO  org.mule.processor.SedaStageLifecycleManager - Stopping service: ejemplo1Flow1.stage1
2017-05-08 17:44:21,220 [Mule.app.deployer.monitor.1.thread.1] INFO  org.mule.lifecycle.AbstractLifecycleManager - Stopping model: _muleSystemModel
2017-05-08 17:44:21,224 [Mule.app.deployer.monitor.1.thread.1] INFO  org.mule.lifecycle.AbstractLifecycleManager - Stopping connector: connector.VM.mule.default
2017-05-08 17:44:21,227 [Mule.app.deployer.monitor.1.thread.1] INFO  org.mule.module.http.internal.listener.DefaultHttpListenerConfig - Stopped listener on http://0.0.0.0:9090/base
2017-05-08 17:44:21,228 [Mule.app.deployer.monitor.1.thread.1] INFO  org.mule.util.queue.QueueXaResourceManager - Stopping ResourceManager
2017-05-08 17:44:21,228 [Mule.app.deployer.monitor.1.thread.1] INFO  org.mule.util.queue.QueueXaResourceManager - Stopped ResourceManager
2017-05-08 17:44:21,231 [Mule.app.deployer.monitor.1.thread.1] INFO  org.mule.module.launcher.application.DefaultMuleApplication - 
++++++++++++++++++++++++++++++++++++++++++++++++++++++++++++
+ Disposing app 'ejemplo1'                                 +
++++++++++++++++++++++++++++++++++++++++++++++++++++++++++++
2017-05-08 17:44:21,231 [Mule.app.deployer.monitor.1.thread.1] INFO  org.mule.lifecycle.AbstractLifecycleManager - Disposing RegistryBroker
2017-05-08 17:44:21,232 [Mule.app.deployer.monitor.1.thread.1] INFO  org.mule.construct.FlowConstructLifecycleManager - Disposing flow: ejemplo1Flow
2017-05-08 17:44:21,232 [Mule.app.deployer.monitor.1.thread.1] INFO  org.mule.processor.SedaStageLifecycleManager - Disposing service: ejemplo1Flow.stage1
2017-05-08 17:44:21,232 [Mule.app.deployer.monitor.1.thread.1] INFO  org.mule.construct.FlowConstructLifecycleManager - Disposing flow: ejemplo1Flow1
2017-05-08 17:44:21,232 [Mule.app.deployer.monitor.1.thread.1] INFO  org.mule.processor.SedaStageLifecycleManager - Disposing service: ejemplo1Flow1.stage1
2017-05-08 17:44:21,234 [Mule.app.deployer.monitor.1.thread.1] INFO  org.mule.lifecycle.AbstractLifecycleManager - Disposing model: _muleSystemModel
2017-05-08 17:44:21,237 [Mule.app.deployer.monitor.1.thread.1] INFO  org.mule.transport.vm.VMConnector - Disconnected: VMConnector
{
  name=connector.VM.mule.default
  lifecycle=stop
  this=4326b1cc
  numberOfConcurrentTransactedReceivers=4
  createMultipleTransactedReceivers=true
  connected=true
  supportedProtocols=[vm]
  serviceOverrides=<none>
}

2017-05-08 17:44:21,238 [Mule.app.deployer.monitor.1.thread.1] INFO  org.mule.lifecycle.AbstractLifecycleManager - Disposing connector: connector.VM.mule.default
2017-05-08 17:44:21,262 [Mule.app.deployer.monitor.1.thread.1] INFO  org.mule.config.spring.MuleArtifactContext - Closing org.mule.config.spring.MuleArtifactContext@730bec8d: startup date [Mon May 08 17:43:55 CEST 2017]; root of context hierarchy
2017-05-08 17:44:21,280 [Mule.app.deployer.monitor.1.thread.1] INFO  org.mule.DefaultMuleContext - 
**********************************************************************
* Application "ejemplo1" shut down normally on: 08/05/17 17:44       *
* Up for: 0 days, 0 hours, 0 mins, 25.529 sec                        *
**********************************************************************
2017-05-08 17:44:21,326 [Mule.app.deployer.monitor.1.thread.1] INFO  org.mule.module.launcher.application.DefaultMuleApplication - 
++++++++++++++++++++++++++++++++++++++++++++++++++++++++++++
+ Initializing app 'ejemplo1'                              +
++++++++++++++++++++++++++++++++++++++++++++++++++++++++++++
2017-05-08 17:44:21,329 [Mule.app.deployer.monitor.1.thread.1] INFO  org.mule.lifecycle.AbstractLifecycleManager - Initialising RegistryBroker
2017-05-08 17:44:21,334 [Mule.app.deployer.monitor.1.thread.1] INFO  org.mule.module.extension.internal.manager.DefaultExtensionManager - Starting discovery of extensions
2017-05-08 17:44:21,344 [Mule.app.deployer.monitor.1.thread.1] INFO  org.mule.module.extension.internal.manager.DefaultExtensionManager - Discovered 1 extensions
2017-05-08 17:44:21,344 [Mule.app.deployer.monitor.1.thread.1] INFO  org.mule.module.extension.internal.manager.DefaultExtensionManager - Registering extension validation (version 3.8)
2017-05-08 17:44:21,348 [Mule.app.deployer.monitor.1.thread.1] INFO  org.mule.config.spring.MuleArtifactContext - Refreshing org.mule.config.spring.MuleArtifactContext@64054294: startup date [Mon May 08 17:44:21 CEST 2017]; root of context hierarchy
2017-05-08 17:44:21,505 [Mule.app.deployer.monitor.1.thread.1] INFO  org.mule.config.spring.processors.NoDevkitInjectorProcessor - JSR-330 'javax.inject.Inject' annotation found and supported for autowiring
2017-05-08 17:44:21,611 [Mule.app.deployer.monitor.1.thread.1] INFO  org.mule.util.journal.TransactionJournal - Using files for tx logs D:\devel\Projects\Courses\Mule\.mule\.\.mule\ejemplo1\queue-tx-log\tx1.log and D:\devel\Projects\Courses\Mule\.mule\.\.mule\ejemplo1\queue-tx-log\tx2.log
2017-05-08 17:44:21,611 [Mule.app.deployer.monitor.1.thread.1] INFO  org.mule.util.journal.TransactionJournal - Using files for tx logs D:\devel\Projects\Courses\Mule\.mule\.\.mule\ejemplo1\queue-xa-tx-log\tx1.log and D:\devel\Projects\Courses\Mule\.mule\.\.mule\ejemplo1\queue-xa-tx-log\tx2.log
2017-05-08 17:44:21,613 [Mule.app.deployer.monitor.1.thread.1] INFO  org.mule.lifecycle.AbstractLifecycleManager - Initialising connector: connector.VM.mule.default
2017-05-08 17:44:21,628 [Mule.app.deployer.monitor.1.thread.1] INFO  org.mule.lifecycle.AbstractLifecycleManager - Initialising model: _muleSystemModel
2017-05-08 17:44:21,629 [Mule.app.deployer.monitor.1.thread.1] INFO  org.mule.construct.FlowConstructLifecycleManager - Initialising flow: ejemplo1Flow
2017-05-08 17:44:21,629 [Mule.app.deployer.monitor.1.thread.1] INFO  org.mule.exception.DefaultMessagingExceptionStrategy - Initialising exception listener: org.mule.exception.DefaultMessagingExceptionStrategy@2c0ff5e9
2017-05-08 17:44:21,634 [Mule.app.deployer.monitor.1.thread.1] INFO  org.mule.processor.SedaStageLifecycleManager - Initialising service: ejemplo1Flow.stage1
2017-05-08 17:44:21,636 [Mule.app.deployer.monitor.1.thread.1] INFO  org.mule.construct.FlowConstructLifecycleManager - Initialising flow: ejemplo1Flow1
2017-05-08 17:44:21,636 [Mule.app.deployer.monitor.1.thread.1] INFO  org.mule.exception.DefaultMessagingExceptionStrategy - Initialising exception listener: org.mule.exception.DefaultMessagingExceptionStrategy@6d28628
2017-05-08 17:44:21,639 [Mule.app.deployer.monitor.1.thread.1] INFO  org.mule.processor.SedaStageLifecycleManager - Initialising service: ejemplo1Flow1.stage1
2017-05-08 17:44:21,668 [Mule.app.deployer.monitor.1.thread.1] INFO  org.mule.config.spring.SpringXmlConfigurationBuilder - Configured Mule using "org.mule.config.spring.SpringXmlConfigurationBuilder" with configuration resource(s): "[ConfigResource{resourceName='D:\devel\Projects\Courses\Mule\.mule\apps\ejemplo1\ejemplo1.xml'}]"
2017-05-08 17:44:21,668 [Mule.app.deployer.monitor.1.thread.1] INFO  org.mule.config.builders.AutoConfigurationBuilder - Configured Mule using "org.mule.config.builders.AutoConfigurationBuilder" with configuration resource(s): "[ConfigResource{resourceName='D:\devel\Projects\Courses\Mule\.mule\apps\ejemplo1\ejemplo1.xml'}]"
2017-05-08 17:44:21,668 [Mule.app.deployer.monitor.1.thread.1] INFO  org.mule.module.launcher.application.DefaultMuleApplication - 
++++++++++++++++++++++++++++++++++++++++++++++++++++++++++++
+ Starting app 'ejemplo1'                                  +
++++++++++++++++++++++++++++++++++++++++++++++++++++++++++++
2017-05-08 17:44:21,670 [Mule.app.deployer.monitor.1.thread.1] INFO  org.mule.util.queue.QueueXaResourceManager - Starting ResourceManager
2017-05-08 17:44:21,671 [Mule.app.deployer.monitor.1.thread.1] INFO  org.mule.util.queue.QueueXaResourceManager - Started ResourceManager
2017-05-08 17:44:21,686 [Mule.app.deployer.monitor.1.thread.1] INFO  org.mule.module.http.internal.listener.DefaultHttpListenerConfig - Listening for requests on http://0.0.0.0:9090/base
2017-05-08 17:44:21,687 [Mule.app.deployer.monitor.1.thread.1] INFO  org.mule.transport.vm.VMConnector - Connected: VMConnector
{
  name=connector.VM.mule.default
  lifecycle=initialise
  this=701d0441
  numberOfConcurrentTransactedReceivers=4
  createMultipleTransactedReceivers=true
  connected=true
  supportedProtocols=[vm]
  serviceOverrides=<none>
}

2017-05-08 17:44:21,687 [Mule.app.deployer.monitor.1.thread.1] INFO  org.mule.transport.vm.VMConnector - Starting: VMConnector
{
  name=connector.VM.mule.default
  lifecycle=initialise
  this=701d0441
  numberOfConcurrentTransactedReceivers=4
  createMultipleTransactedReceivers=true
  connected=true
  supportedProtocols=[vm]
  serviceOverrides=<none>
}

2017-05-08 17:44:21,687 [Mule.app.deployer.monitor.1.thread.1] INFO  org.mule.lifecycle.AbstractLifecycleManager - Starting connector: connector.VM.mule.default
2017-05-08 17:44:21,691 [Mule.app.deployer.monitor.1.thread.1] INFO  org.mule.lifecycle.AbstractLifecycleManager - Starting model: _muleSystemModel
2017-05-08 17:44:21,692 [Mule.app.deployer.monitor.1.thread.1] INFO  org.mule.construct.FlowConstructLifecycleManager - Starting flow: ejemplo1Flow
2017-05-08 17:44:21,692 [Mule.app.deployer.monitor.1.thread.1] INFO  org.mule.processor.SedaStageLifecycleManager - Starting service: ejemplo1Flow.stage1
2017-05-08 17:44:21,695 [Mule.app.deployer.monitor.1.thread.1] INFO  org.mule.construct.FlowConstructLifecycleManager - Starting flow: ejemplo1Flow1
2017-05-08 17:44:21,695 [Mule.app.deployer.monitor.1.thread.1] INFO  org.mule.processor.SedaStageLifecycleManager - Starting service: ejemplo1Flow1.stage1
2017-05-08 17:44:21,697 [Mule.app.deployer.monitor.1.thread.1] INFO  org.mule.transport.vm.VMConnector - Registering listener: ejemplo1Flow1 on endpointUri: vm://demo
2017-05-08 17:44:21,697 [Mule.app.deployer.monitor.1.thread.1] INFO  org.mule.lifecycle.AbstractLifecycleManager - Initialising: 'null'. Object is: VMMessageReceiver
2017-05-08 17:44:21,697 [Mule.app.deployer.monitor.1.thread.1] INFO  org.mule.transport.vm.VMMessageReceiver - Connecting clusterizable message receiver
2017-05-08 17:44:21,697 [Mule.app.deployer.monitor.1.thread.1] INFO  org.mule.lifecycle.AbstractLifecycleManager - Starting: 'null'. Object is: VMMessageReceiver
2017-05-08 17:44:21,697 [Mule.app.deployer.monitor.1.thread.1] INFO  org.mule.transport.vm.VMMessageReceiver - Starting clusterizable message receiver
2017-05-08 17:44:21,708 [Mule.app.deployer.monitor.1.thread.1] INFO  org.mule.module.management.agent.WrapperManagerAgent - This JVM hasn't been launched by the wrapper, the agent will not run.
2017-05-08 17:44:21,710 [Mule.app.deployer.monitor.1.thread.1] INFO  org.mule.module.management.agent.AbstractJmxAgent - Attempting to register service with name: Mule.ejemplo1:type=Endpoint,service="ejemplo1Flow1",connector=connector.VM.mule.default,name="endpoint.vm.demo"
2017-05-08 17:44:21,710 [Mule.app.deployer.monitor.1.thread.1] INFO  org.mule.module.management.agent.AbstractJmxAgent - Registered Endpoint Service with name: Mule.ejemplo1:type=Endpoint,service="ejemplo1Flow1",connector=connector.VM.mule.default,name="endpoint.vm.demo"
2017-05-08 17:44:21,710 [Mule.app.deployer.monitor.1.thread.1] INFO  org.mule.module.management.agent.AbstractJmxAgent - Registered Connector Service with name Mule.ejemplo1:type=Connector,name="connector.VM.mule.default.1"
2017-05-08 17:44:21,711 [Mule.app.deployer.monitor.1.thread.1] INFO  org.mule.DefaultMuleContext - 
**********************************************************************
* Application: ejemplo1                                              *
* OS encoding: \, Mule encoding: UTF-8                               *
*                                                                    *
* Agents Running:                                                    *
*   JMX Agent                                                        *
*   Wrapper Manager                                                  *
**********************************************************************
2017-05-08 17:45:36,752 [Mule.app.deployer.monitor.1.thread.1] INFO  org.mule.module.launcher.application.DefaultMuleApplication - 
++++++++++++++++++++++++++++++++++++++++++++++++++++++++++++
+ Stopping app 'ejemplo1'                                  +
++++++++++++++++++++++++++++++++++++++++++++++++++++++++++++
2017-05-08 17:45:36,753 [Mule.app.deployer.monitor.1.thread.1] INFO  org.mule.construct.FlowConstructLifecycleManager - Stopping flow: ejemplo1Flow
2017-05-08 17:45:36,753 [Mule.app.deployer.monitor.1.thread.1] INFO  org.mule.processor.SedaStageLifecycleManager - Stopping service: ejemplo1Flow.stage1
2017-05-08 17:45:36,902 [Mule.app.deployer.monitor.1.thread.1] INFO  org.mule.construct.FlowConstructLifecycleManager - Stopping flow: ejemplo1Flow1
2017-05-08 17:45:36,902 [Mule.app.deployer.monitor.1.thread.1] INFO  org.mule.transport.vm.VMConnector - Removing listener on endpointUri: vm://demo
2017-05-08 17:45:36,902 [Mule.app.deployer.monitor.1.thread.1] INFO  org.mule.lifecycle.AbstractLifecycleManager - Stopping: 'null'. Object is: VMMessageReceiver
2017-05-08 17:45:37,152 [Mule.app.deployer.monitor.1.thread.1] INFO  org.mule.lifecycle.AbstractLifecycleManager - Disposing: 'null'. Object is: VMMessageReceiver
2017-05-08 17:45:37,152 [Mule.app.deployer.monitor.1.thread.1] INFO  org.mule.processor.SedaStageLifecycleManager - Stopping service: ejemplo1Flow1.stage1
2017-05-08 17:45:37,304 [Mule.app.deployer.monitor.1.thread.1] INFO  org.mule.lifecycle.AbstractLifecycleManager - Stopping model: _muleSystemModel
2017-05-08 17:45:37,309 [Mule.app.deployer.monitor.1.thread.1] INFO  org.mule.lifecycle.AbstractLifecycleManager - Stopping connector: connector.VM.mule.default
2017-05-08 17:45:37,313 [Mule.app.deployer.monitor.1.thread.1] INFO  org.mule.module.http.internal.listener.DefaultHttpListenerConfig - Stopped listener on http://0.0.0.0:9090/base
2017-05-08 17:45:37,314 [Mule.app.deployer.monitor.1.thread.1] INFO  org.mule.util.queue.QueueXaResourceManager - Stopping ResourceManager
2017-05-08 17:45:37,314 [Mule.app.deployer.monitor.1.thread.1] INFO  org.mule.util.queue.QueueXaResourceManager - Stopped ResourceManager
2017-05-08 17:45:37,317 [Mule.app.deployer.monitor.1.thread.1] INFO  org.mule.module.launcher.application.DefaultMuleApplication - 
++++++++++++++++++++++++++++++++++++++++++++++++++++++++++++
+ Disposing app 'ejemplo1'                                 +
++++++++++++++++++++++++++++++++++++++++++++++++++++++++++++
2017-05-08 17:45:37,318 [Mule.app.deployer.monitor.1.thread.1] INFO  org.mule.lifecycle.AbstractLifecycleManager - Disposing RegistryBroker
2017-05-08 17:45:37,318 [Mule.app.deployer.monitor.1.thread.1] INFO  org.mule.construct.FlowConstructLifecycleManager - Disposing flow: ejemplo1Flow
2017-05-08 17:45:37,318 [Mule.app.deployer.monitor.1.thread.1] INFO  org.mule.processor.SedaStageLifecycleManager - Disposing service: ejemplo1Flow.stage1
2017-05-08 17:45:37,319 [Mule.app.deployer.monitor.1.thread.1] INFO  org.mule.construct.FlowConstructLifecycleManager - Disposing flow: ejemplo1Flow1
2017-05-08 17:45:37,319 [Mule.app.deployer.monitor.1.thread.1] INFO  org.mule.processor.SedaStageLifecycleManager - Disposing service: ejemplo1Flow1.stage1
2017-05-08 17:45:37,321 [Mule.app.deployer.monitor.1.thread.1] INFO  org.mule.lifecycle.AbstractLifecycleManager - Disposing model: _muleSystemModel
2017-05-08 17:45:37,325 [Mule.app.deployer.monitor.1.thread.1] INFO  org.mule.transport.vm.VMConnector - Disconnected: VMConnector
{
  name=connector.VM.mule.default
  lifecycle=stop
  this=701d0441
  numberOfConcurrentTransactedReceivers=4
  createMultipleTransactedReceivers=true
  connected=true
  supportedProtocols=[vm]
  serviceOverrides=<none>
}

2017-05-08 17:45:37,325 [Mule.app.deployer.monitor.1.thread.1] INFO  org.mule.lifecycle.AbstractLifecycleManager - Disposing connector: connector.VM.mule.default
2017-05-08 17:45:37,349 [Mule.app.deployer.monitor.1.thread.1] INFO  org.mule.config.spring.MuleArtifactContext - Closing org.mule.config.spring.MuleArtifactContext@64054294: startup date [Mon May 08 17:44:21 CEST 2017]; root of context hierarchy
2017-05-08 17:45:37,379 [Mule.app.deployer.monitor.1.thread.1] INFO  org.mule.DefaultMuleContext - 
**********************************************************************
* Application "ejemplo1" shut down normally on: 08/05/17 17:45       *
* Up for: 0 days, 0 hours, 1 mins, 15.710 sec                        *
**********************************************************************
2017-05-08 17:45:37,413 [Mule.app.deployer.monitor.1.thread.1] INFO  org.mule.module.launcher.application.DefaultMuleApplication - 
++++++++++++++++++++++++++++++++++++++++++++++++++++++++++++
+ Initializing app 'ejemplo1'                              +
++++++++++++++++++++++++++++++++++++++++++++++++++++++++++++
2017-05-08 17:45:37,418 [Mule.app.deployer.monitor.1.thread.1] INFO  org.mule.lifecycle.AbstractLifecycleManager - Initialising RegistryBroker
2017-05-08 17:45:37,423 [Mule.app.deployer.monitor.1.thread.1] INFO  org.mule.module.extension.internal.manager.DefaultExtensionManager - Starting discovery of extensions
2017-05-08 17:45:37,433 [Mule.app.deployer.monitor.1.thread.1] INFO  org.mule.module.extension.internal.manager.DefaultExtensionManager - Discovered 1 extensions
2017-05-08 17:45:37,433 [Mule.app.deployer.monitor.1.thread.1] INFO  org.mule.module.extension.internal.manager.DefaultExtensionManager - Registering extension validation (version 3.8)
2017-05-08 17:45:37,436 [Mule.app.deployer.monitor.1.thread.1] INFO  org.mule.config.spring.MuleArtifactContext - Refreshing org.mule.config.spring.MuleArtifactContext@200a7224: startup date [Mon May 08 17:45:37 CEST 2017]; root of context hierarchy
2017-05-08 17:45:37,593 [Mule.app.deployer.monitor.1.thread.1] INFO  org.mule.config.spring.processors.NoDevkitInjectorProcessor - JSR-330 'javax.inject.Inject' annotation found and supported for autowiring
2017-05-08 17:45:37,687 [Mule.app.deployer.monitor.1.thread.1] INFO  org.mule.util.journal.TransactionJournal - Using files for tx logs D:\devel\Projects\Courses\Mule\.mule\.\.mule\ejemplo1\queue-tx-log\tx1.log and D:\devel\Projects\Courses\Mule\.mule\.\.mule\ejemplo1\queue-tx-log\tx2.log
2017-05-08 17:45:37,688 [Mule.app.deployer.monitor.1.thread.1] INFO  org.mule.util.journal.TransactionJournal - Using files for tx logs D:\devel\Projects\Courses\Mule\.mule\.\.mule\ejemplo1\queue-xa-tx-log\tx1.log and D:\devel\Projects\Courses\Mule\.mule\.\.mule\ejemplo1\queue-xa-tx-log\tx2.log
2017-05-08 17:45:37,689 [Mule.app.deployer.monitor.1.thread.1] INFO  org.mule.lifecycle.AbstractLifecycleManager - Initialising connector: connector.VM.mule.default
2017-05-08 17:45:37,704 [Mule.app.deployer.monitor.1.thread.1] INFO  org.mule.lifecycle.AbstractLifecycleManager - Initialising model: _muleSystemModel
2017-05-08 17:45:37,705 [Mule.app.deployer.monitor.1.thread.1] INFO  org.mule.construct.FlowConstructLifecycleManager - Initialising flow: ejemplo1Flow
2017-05-08 17:45:37,706 [Mule.app.deployer.monitor.1.thread.1] INFO  org.mule.exception.DefaultMessagingExceptionStrategy - Initialising exception listener: org.mule.exception.DefaultMessagingExceptionStrategy@5e815f08
2017-05-08 17:45:37,713 [Mule.app.deployer.monitor.1.thread.1] INFO  org.mule.processor.SedaStageLifecycleManager - Initialising service: ejemplo1Flow.stage1
2017-05-08 17:45:37,714 [Mule.app.deployer.monitor.1.thread.1] INFO  org.mule.construct.FlowConstructLifecycleManager - Initialising flow: ejemplo1Flow1
2017-05-08 17:45:37,714 [Mule.app.deployer.monitor.1.thread.1] INFO  org.mule.exception.DefaultMessagingExceptionStrategy - Initialising exception listener: org.mule.exception.DefaultMessagingExceptionStrategy@fb2fefc
2017-05-08 17:45:37,717 [Mule.app.deployer.monitor.1.thread.1] INFO  org.mule.processor.SedaStageLifecycleManager - Initialising service: ejemplo1Flow1.stage1
2017-05-08 17:45:37,759 [Mule.app.deployer.monitor.1.thread.1] INFO  org.mule.config.spring.SpringXmlConfigurationBuilder - Configured Mule using "org.mule.config.spring.SpringXmlConfigurationBuilder" with configuration resource(s): "[ConfigResource{resourceName='D:\devel\Projects\Courses\Mule\.mule\apps\ejemplo1\ejemplo1.xml'}]"
2017-05-08 17:45:37,759 [Mule.app.deployer.monitor.1.thread.1] INFO  org.mule.config.builders.AutoConfigurationBuilder - Configured Mule using "org.mule.config.builders.AutoConfigurationBuilder" with configuration resource(s): "[ConfigResource{resourceName='D:\devel\Projects\Courses\Mule\.mule\apps\ejemplo1\ejemplo1.xml'}]"
2017-05-08 17:45:37,759 [Mule.app.deployer.monitor.1.thread.1] INFO  org.mule.module.launcher.application.DefaultMuleApplication - 
++++++++++++++++++++++++++++++++++++++++++++++++++++++++++++
+ Starting app 'ejemplo1'                                  +
++++++++++++++++++++++++++++++++++++++++++++++++++++++++++++
2017-05-08 17:45:37,760 [Mule.app.deployer.monitor.1.thread.1] INFO  org.mule.util.queue.QueueXaResourceManager - Starting ResourceManager
2017-05-08 17:45:37,760 [Mule.app.deployer.monitor.1.thread.1] INFO  org.mule.util.queue.QueueXaResourceManager - Started ResourceManager
2017-05-08 17:45:37,772 [Mule.app.deployer.monitor.1.thread.1] INFO  org.mule.module.http.internal.listener.DefaultHttpListenerConfig - Listening for requests on http://0.0.0.0:9090/base
2017-05-08 17:45:37,773 [Mule.app.deployer.monitor.1.thread.1] INFO  org.mule.transport.vm.VMConnector - Connected: VMConnector
{
  name=connector.VM.mule.default
  lifecycle=initialise
  this=2f7198e3
  numberOfConcurrentTransactedReceivers=4
  createMultipleTransactedReceivers=true
  connected=true
  supportedProtocols=[vm]
  serviceOverrides=<none>
}

2017-05-08 17:45:37,773 [Mule.app.deployer.monitor.1.thread.1] INFO  org.mule.transport.vm.VMConnector - Starting: VMConnector
{
  name=connector.VM.mule.default
  lifecycle=initialise
  this=2f7198e3
  numberOfConcurrentTransactedReceivers=4
  createMultipleTransactedReceivers=true
  connected=true
  supportedProtocols=[vm]
  serviceOverrides=<none>
}

2017-05-08 17:45:37,773 [Mule.app.deployer.monitor.1.thread.1] INFO  org.mule.lifecycle.AbstractLifecycleManager - Starting connector: connector.VM.mule.default
2017-05-08 17:45:37,776 [Mule.app.deployer.monitor.1.thread.1] INFO  org.mule.lifecycle.AbstractLifecycleManager - Starting model: _muleSystemModel
2017-05-08 17:45:37,777 [Mule.app.deployer.monitor.1.thread.1] INFO  org.mule.construct.FlowConstructLifecycleManager - Starting flow: ejemplo1Flow
2017-05-08 17:45:37,777 [Mule.app.deployer.monitor.1.thread.1] INFO  org.mule.processor.SedaStageLifecycleManager - Starting service: ejemplo1Flow.stage1
2017-05-08 17:45:37,779 [Mule.app.deployer.monitor.1.thread.1] INFO  org.mule.construct.FlowConstructLifecycleManager - Starting flow: ejemplo1Flow1
2017-05-08 17:45:37,779 [Mule.app.deployer.monitor.1.thread.1] INFO  org.mule.processor.SedaStageLifecycleManager - Starting service: ejemplo1Flow1.stage1
2017-05-08 17:45:37,782 [Mule.app.deployer.monitor.1.thread.1] INFO  org.mule.transport.vm.VMConnector - Registering listener: ejemplo1Flow1 on endpointUri: vm://demo
2017-05-08 17:45:37,783 [Mule.app.deployer.monitor.1.thread.1] INFO  org.mule.lifecycle.AbstractLifecycleManager - Initialising: 'null'. Object is: VMMessageReceiver
2017-05-08 17:45:37,783 [Mule.app.deployer.monitor.1.thread.1] INFO  org.mule.transport.vm.VMMessageReceiver - Connecting clusterizable message receiver
2017-05-08 17:45:37,783 [Mule.app.deployer.monitor.1.thread.1] INFO  org.mule.lifecycle.AbstractLifecycleManager - Starting: 'null'. Object is: VMMessageReceiver
2017-05-08 17:45:37,783 [Mule.app.deployer.monitor.1.thread.1] INFO  org.mule.transport.vm.VMMessageReceiver - Starting clusterizable message receiver
2017-05-08 17:45:37,793 [Mule.app.deployer.monitor.1.thread.1] INFO  org.mule.module.management.agent.WrapperManagerAgent - This JVM hasn't been launched by the wrapper, the agent will not run.
2017-05-08 17:45:37,795 [Mule.app.deployer.monitor.1.thread.1] INFO  org.mule.module.management.agent.AbstractJmxAgent - Attempting to register service with name: Mule.ejemplo1:type=Endpoint,service="ejemplo1Flow1",connector=connector.VM.mule.default,name="endpoint.vm.demo"
2017-05-08 17:45:37,795 [Mule.app.deployer.monitor.1.thread.1] INFO  org.mule.module.management.agent.AbstractJmxAgent - Registered Endpoint Service with name: Mule.ejemplo1:type=Endpoint,service="ejemplo1Flow1",connector=connector.VM.mule.default,name="endpoint.vm.demo"
2017-05-08 17:45:37,796 [Mule.app.deployer.monitor.1.thread.1] INFO  org.mule.module.management.agent.AbstractJmxAgent - Registered Connector Service with name Mule.ejemplo1:type=Connector,name="connector.VM.mule.default.1"
2017-05-08 17:45:37,796 [Mule.app.deployer.monitor.1.thread.1] INFO  org.mule.DefaultMuleContext - 
**********************************************************************
* Application: ejemplo1                                              *
* OS encoding: \, Mule encoding: UTF-8                               *
*                                                                    *
* Agents Running:                                                    *
*   JMX Agent                                                        *
*   Wrapper Manager                                                  *
**********************************************************************
2017-05-08 17:46:57,459 [[ejemplo1].HTTP_Listener_Configuration.worker.01] INFO  org.mule.api.processor.LoggerMessageProcessor - ramon
2017-05-08 17:46:57,472 [[ejemplo1].HTTP_Listener_Configuration.worker.01] INFO  org.mule.api.processor.LoggerMessageProcessor - chavo
2017-05-08 17:46:57,764 [[ejemplo1].HTTP_Listener_Configuration.worker.01] INFO  org.mule.lifecycle.AbstractLifecycleManager - Initialising: 'connector.VM.mule.default.dispatcher.1653536709'. Object is: VMMessageDispatcher
2017-05-08 17:46:57,765 [[ejemplo1].HTTP_Listener_Configuration.worker.01] INFO  org.mule.lifecycle.AbstractLifecycleManager - Starting: 'connector.VM.mule.default.dispatcher.1653536709'. Object is: VMMessageDispatcher
2017-05-08 17:46:57,803 [[ejemplo1].ejemplo1Flow1.stage1.02] INFO  org.mule.api.processor.LoggerMessageProcessor - flujo2 = chavo  variable flujo2 = null
